{"/mnt/c/Users/PlayXtreme/Desktop/Uni/PROGETTI/Ingegneria/DietiRealEstates25/DietiRealEstates25/server/DTOs/AdminDTO.js": {"path":"/mnt/c/Users/PlayXtreme/Desktop/Uni/PROGETTI/Ingegneria/DietiRealEstates25/DietiRealEstates25/server/DTOs/AdminDTO.js","statementMap":{"0":{"start":{"line":3,"column":4},"end":{"line":3,"column":23}},"1":{"start":{"line":4,"column":4},"end":{"line":4,"column":21}},"2":{"start":{"line":5,"column":4},"end":{"line":5,"column":27}}},"fnMap":{"0":{"name":"(anonymous_0)","decl":{"start":{"line":2,"column":2},"end":{"line":2,"column":3}},"loc":{"start":{"line":2,"column":40},"end":{"line":6,"column":3}},"line":2}},"branchMap":{},"s":{"0":3,"1":3,"2":3},"f":{"0":3},"b":{},"_coverageSchema":"1a1c01bbd47fc00a2c39e90264f33305004495a9","hash":"0260ba73d39e1261aff5963162246c66037e9735"}
,"/mnt/c/Users/PlayXtreme/Desktop/Uni/PROGETTI/Ingegneria/DietiRealEstates25/DietiRealEstates25/server/DTOs/AgencyDTO.js": {"path":"/mnt/c/Users/PlayXtreme/Desktop/Uni/PROGETTI/Ingegneria/DietiRealEstates25/DietiRealEstates25/server/DTOs/AgencyDTO.js","statementMap":{"0":{"start":{"line":11,"column":4},"end":{"line":11,"column":33}},"1":{"start":{"line":12,"column":4},"end":{"line":12,"column":27}},"2":{"start":{"line":13,"column":4},"end":{"line":13,"column":35}},"3":{"start":{"line":14,"column":4},"end":{"line":14,"column":37}},"4":{"start":{"line":15,"column":4},"end":{"line":15,"column":35}},"5":{"start":{"line":16,"column":4},"end":{"line":16,"column":19}},"6":{"start":{"line":17,"column":4},"end":{"line":17,"column":27}},"7":{"start":{"line":33,"column":4},"end":{"line":33,"column":29}},"8":{"start":{"line":34,"column":4},"end":{"line":34,"column":33}},"9":{"start":{"line":35,"column":4},"end":{"line":35,"column":27}},"10":{"start":{"line":36,"column":4},"end":{"line":36,"column":35}},"11":{"start":{"line":37,"column":4},"end":{"line":37,"column":37}},"12":{"start":{"line":38,"column":4},"end":{"line":38,"column":35}},"13":{"start":{"line":39,"column":4},"end":{"line":39,"column":19}},"14":{"start":{"line":40,"column":4},"end":{"line":40,"column":31}},"15":{"start":{"line":41,"column":4},"end":{"line":41,"column":27}}},"fnMap":{"0":{"name":"(anonymous_0)","decl":{"start":{"line":2,"column":2},"end":{"line":2,"column":3}},"loc":{"start":{"line":10,"column":5},"end":{"line":18,"column":3}},"line":10},"1":{"name":"(anonymous_1)","decl":{"start":{"line":22,"column":2},"end":{"line":22,"column":3}},"loc":{"start":{"line":32,"column":5},"end":{"line":42,"column":3}},"line":32}},"branchMap":{},"s":{"0":2,"1":2,"2":2,"3":2,"4":2,"5":2,"6":2,"7":9,"8":9,"9":9,"10":9,"11":9,"12":9,"13":9,"14":9,"15":9},"f":{"0":2,"1":9},"b":{},"_coverageSchema":"1a1c01bbd47fc00a2c39e90264f33305004495a9","hash":"c9513a82cc32bb3f635c4336f64e0256c63faed5"}
,"/mnt/c/Users/PlayXtreme/Desktop/Uni/PROGETTI/Ingegneria/DietiRealEstates25/DietiRealEstates25/server/DTOs/AgentDTO.js": {"path":"/mnt/c/Users/PlayXtreme/Desktop/Uni/PROGETTI/Ingegneria/DietiRealEstates25/DietiRealEstates25/server/DTOs/AgentDTO.js","statementMap":{"0":{"start":{"line":3,"column":4},"end":{"line":3,"column":21}},"1":{"start":{"line":4,"column":4},"end":{"line":4,"column":27}},"2":{"start":{"line":5,"column":4},"end":{"line":5,"column":23}}},"fnMap":{"0":{"name":"(anonymous_0)","decl":{"start":{"line":2,"column":2},"end":{"line":2,"column":3}},"loc":{"start":{"line":2,"column":54},"end":{"line":6,"column":3}},"line":2}},"branchMap":{},"s":{"0":3,"1":3,"2":3},"f":{"0":3},"b":{},"_coverageSchema":"1a1c01bbd47fc00a2c39e90264f33305004495a9","hash":"713848d2d193a374cb686e111cacc3804fa05cb9"}
,"/mnt/c/Users/PlayXtreme/Desktop/Uni/PROGETTI/Ingegneria/DietiRealEstates25/DietiRealEstates25/server/DTOs/EstateDTO.js": {"path":"/mnt/c/Users/PlayXtreme/Desktop/Uni/PROGETTI/Ingegneria/DietiRealEstates25/DietiRealEstates25/server/DTOs/EstateDTO.js","statementMap":{"0":{"start":{"line":18,"column":4},"end":{"line":18,"column":23}},"1":{"start":{"line":19,"column":4},"end":{"line":19,"column":35}},"2":{"start":{"line":20,"column":4},"end":{"line":20,"column":25}},"3":{"start":{"line":21,"column":4},"end":{"line":21,"column":23}},"4":{"start":{"line":22,"column":4},"end":{"line":22,"column":21}},"5":{"start":{"line":23,"column":4},"end":{"line":23,"column":27}},"6":{"start":{"line":24,"column":4},"end":{"line":24,"column":21}},"7":{"start":{"line":25,"column":4},"end":{"line":25,"column":21}},"8":{"start":{"line":26,"column":4},"end":{"line":26,"column":25}},"9":{"start":{"line":27,"column":4},"end":{"line":27,"column":33}},"10":{"start":{"line":28,"column":4},"end":{"line":28,"column":35}},"11":{"start":{"line":29,"column":4},"end":{"line":29,"column":23}},"12":{"start":{"line":30,"column":4},"end":{"line":30,"column":31}},"13":{"start":{"line":31,"column":4},"end":{"line":31,"column":31}}},"fnMap":{"0":{"name":"(anonymous_0)","decl":{"start":{"line":2,"column":2},"end":{"line":2,"column":3}},"loc":{"start":{"line":17,"column":5},"end":{"line":32,"column":3}},"line":17}},"branchMap":{},"s":{"0":2,"1":2,"2":2,"3":2,"4":2,"5":2,"6":2,"7":2,"8":2,"9":2,"10":2,"11":2,"12":2,"13":2},"f":{"0":2},"b":{},"_coverageSchema":"1a1c01bbd47fc00a2c39e90264f33305004495a9","hash":"57f5729517753f0cf8eb423f1c6c703b4e30b8f2"}
,"/mnt/c/Users/PlayXtreme/Desktop/Uni/PROGETTI/Ingegneria/DietiRealEstates25/DietiRealEstates25/server/DTOs/ManagerDTO.js": {"path":"/mnt/c/Users/PlayXtreme/Desktop/Uni/PROGETTI/Ingegneria/DietiRealEstates25/DietiRealEstates25/server/DTOs/ManagerDTO.js","statementMap":{"0":{"start":{"line":3,"column":4},"end":{"line":3,"column":23}},"1":{"start":{"line":4,"column":4},"end":{"line":4,"column":29}},"2":{"start":{"line":5,"column":4},"end":{"line":5,"column":21}},"3":{"start":{"line":6,"column":4},"end":{"line":6,"column":27}}},"fnMap":{"0":{"name":"(anonymous_0)","decl":{"start":{"line":2,"column":2},"end":{"line":2,"column":3}},"loc":{"start":{"line":2,"column":50},"end":{"line":7,"column":3}},"line":2}},"branchMap":{},"s":{"0":2,"1":2,"2":2,"3":2},"f":{"0":2},"b":{},"_coverageSchema":"1a1c01bbd47fc00a2c39e90264f33305004495a9","hash":"524906d53417dc1998721bfaac6c076583f36963"}
,"/mnt/c/Users/PlayXtreme/Desktop/Uni/PROGETTI/Ingegneria/DietiRealEstates25/DietiRealEstates25/server/DTOs/SearchFiltersDTO.js": {"path":"/mnt/c/Users/PlayXtreme/Desktop/Uni/PROGETTI/Ingegneria/DietiRealEstates25/DietiRealEstates25/server/DTOs/SearchFiltersDTO.js","statementMap":{"0":{"start":{"line":18,"column":4},"end":{"line":18,"column":21}},"1":{"start":{"line":19,"column":4},"end":{"line":19,"column":59}},"2":{"start":{"line":20,"column":4},"end":{"line":20,"column":59}},"3":{"start":{"line":21,"column":4},"end":{"line":21,"column":51}},"4":{"start":{"line":22,"column":4},"end":{"line":22,"column":63}},"5":{"start":{"line":23,"column":4},"end":{"line":23,"column":54}},"6":{"start":{"line":24,"column":4},"end":{"line":24,"column":54}},"7":{"start":{"line":25,"column":4},"end":{"line":25,"column":43}},"8":{"start":{"line":26,"column":4},"end":{"line":26,"column":48}},"9":{"start":{"line":27,"column":4},"end":{"line":27,"column":29}},"10":{"start":{"line":28,"column":4},"end":{"line":28,"column":57}},"11":{"start":{"line":29,"column":4},"end":{"line":29,"column":49}},"12":{"start":{"line":30,"column":4},"end":{"line":30,"column":49}},"13":{"start":{"line":31,"column":4},"end":{"line":31,"column":58}}},"fnMap":{"0":{"name":"(anonymous_0)","decl":{"start":{"line":2,"column":2},"end":{"line":2,"column":3}},"loc":{"start":{"line":17,"column":5},"end":{"line":32,"column":3}},"line":17}},"branchMap":{"0":{"loc":{"start":{"line":19,"column":20},"end":{"line":19,"column":58}},"type":"cond-expr","locations":[{"start":{"line":19,"column":31},"end":{"line":19,"column":51}},{"start":{"line":19,"column":54},"end":{"line":19,"column":58}}],"line":19},"1":{"loc":{"start":{"line":20,"column":20},"end":{"line":20,"column":58}},"type":"cond-expr","locations":[{"start":{"line":20,"column":31},"end":{"line":20,"column":51}},{"start":{"line":20,"column":54},"end":{"line":20,"column":58}}],"line":20},"2":{"loc":{"start":{"line":21,"column":18},"end":{"line":21,"column":50}},"type":"cond-expr","locations":[{"start":{"line":21,"column":27},"end":{"line":21,"column":43}},{"start":{"line":21,"column":46},"end":{"line":21,"column":50}}],"line":21},"3":{"loc":{"start":{"line":22,"column":22},"end":{"line":22,"column":62}},"type":"cond-expr","locations":[{"start":{"line":22,"column":35},"end":{"line":22,"column":55}},{"start":{"line":22,"column":58},"end":{"line":22,"column":62}}],"line":22},"4":{"loc":{"start":{"line":23,"column":19},"end":{"line":23,"column":53}},"type":"cond-expr","locations":[{"start":{"line":23,"column":29},"end":{"line":23,"column":46}},{"start":{"line":23,"column":49},"end":{"line":23,"column":53}}],"line":23},"5":{"loc":{"start":{"line":24,"column":19},"end":{"line":24,"column":53}},"type":"cond-expr","locations":[{"start":{"line":24,"column":29},"end":{"line":24,"column":46}},{"start":{"line":24,"column":49},"end":{"line":24,"column":53}}],"line":24},"6":{"loc":{"start":{"line":25,"column":23},"end":{"line":25,"column":42}},"type":"binary-expr","locations":[{"start":{"line":25,"column":23},"end":{"line":25,"column":34}},{"start":{"line":25,"column":38},"end":{"line":25,"column":42}}],"line":25},"7":{"loc":{"start":{"line":26,"column":17},"end":{"line":26,"column":47}},"type":"cond-expr","locations":[{"start":{"line":26,"column":25},"end":{"line":26,"column":40}},{"start":{"line":26,"column":43},"end":{"line":26,"column":47}}],"line":26},"8":{"loc":{"start":{"line":27,"column":16},"end":{"line":27,"column":28}},"type":"binary-expr","locations":[{"start":{"line":27,"column":16},"end":{"line":27,"column":20}},{"start":{"line":27,"column":24},"end":{"line":27,"column":28}}],"line":27},"9":{"loc":{"start":{"line":28,"column":20},"end":{"line":28,"column":56}},"type":"cond-expr","locations":[{"start":{"line":28,"column":31},"end":{"line":28,"column":49}},{"start":{"line":28,"column":52},"end":{"line":28,"column":56}}],"line":28},"10":{"loc":{"start":{"line":29,"column":15},"end":{"line":29,"column":48}},"type":"cond-expr","locations":[{"start":{"line":29,"column":21},"end":{"line":29,"column":36}},{"start":{"line":29,"column":39},"end":{"line":29,"column":48}}],"line":29},"11":{"loc":{"start":{"line":30,"column":15},"end":{"line":30,"column":48}},"type":"cond-expr","locations":[{"start":{"line":30,"column":21},"end":{"line":30,"column":36}},{"start":{"line":30,"column":39},"end":{"line":30,"column":48}}],"line":30},"12":{"loc":{"start":{"line":31,"column":18},"end":{"line":31,"column":57}},"type":"cond-expr","locations":[{"start":{"line":31,"column":27},"end":{"line":31,"column":45}},{"start":{"line":31,"column":48},"end":{"line":31,"column":57}}],"line":31}},"s":{"0":11,"1":11,"2":11,"3":11,"4":11,"5":11,"6":11,"7":11,"8":11,"9":11,"10":11,"11":11,"12":11,"13":11},"f":{"0":11},"b":{"0":[3,8],"1":[1,10],"2":[2,9],"3":[1,10],"4":[2,9],"5":[1,10],"6":[11,10],"7":[1,10],"8":[11,10],"9":[1,10],"10":[3,8],"11":[3,8],"12":[2,9]},"_coverageSchema":"1a1c01bbd47fc00a2c39e90264f33305004495a9","hash":"caa0a4a75750001ed445a29ec79b21c2be330507"}
,"/mnt/c/Users/PlayXtreme/Desktop/Uni/PROGETTI/Ingegneria/DietiRealEstates25/DietiRealEstates25/server/DTOs/UserDTO.js": {"path":"/mnt/c/Users/PlayXtreme/Desktop/Uni/PROGETTI/Ingegneria/DietiRealEstates25/DietiRealEstates25/server/DTOs/UserDTO.js","statementMap":{"0":{"start":{"line":3,"column":4},"end":{"line":3,"column":35}},"1":{"start":{"line":4,"column":4},"end":{"line":4,"column":35}},"2":{"start":{"line":10,"column":4},"end":{"line":10,"column":25}},"3":{"start":{"line":11,"column":4},"end":{"line":11,"column":23}},"4":{"start":{"line":12,"column":4},"end":{"line":12,"column":21}},"5":{"start":{"line":13,"column":4},"end":{"line":13,"column":27}},"6":{"start":{"line":14,"column":4},"end":{"line":14,"column":21}},"7":{"start":{"line":15,"column":4},"end":{"line":15,"column":35}}},"fnMap":{"0":{"name":"(anonymous_0)","decl":{"start":{"line":2,"column":2},"end":{"line":2,"column":3}},"loc":{"start":{"line":2,"column":44},"end":{"line":5,"column":3}},"line":2},"1":{"name":"(anonymous_1)","decl":{"start":{"line":9,"column":2},"end":{"line":9,"column":3}},"loc":{"start":{"line":9,"column":67},"end":{"line":16,"column":3}},"line":9}},"branchMap":{},"s":{"0":12,"1":12,"2":0,"3":0,"4":0,"5":0,"6":0,"7":0},"f":{"0":12,"1":0},"b":{},"_coverageSchema":"1a1c01bbd47fc00a2c39e90264f33305004495a9","hash":"afedb2c56631a4d043c1012da9ba9c8a952b270d"}
,"/mnt/c/Users/PlayXtreme/Desktop/Uni/PROGETTI/Ingegneria/DietiRealEstates25/DietiRealEstates25/server/config/cloudinary.js": {"path":"/mnt/c/Users/PlayXtreme/Desktop/Uni/PROGETTI/Ingegneria/DietiRealEstates25/DietiRealEstates25/server/config/cloudinary.js","statementMap":{"0":{"start":{"line":4,"column":0},"end":{"line":4,"column":16}},"1":{"start":{"line":6,"column":0},"end":{"line":10,"column":3}}},"fnMap":{},"branchMap":{},"s":{"0":3,"1":3},"f":{},"b":{},"_coverageSchema":"1a1c01bbd47fc00a2c39e90264f33305004495a9","hash":"85a7917e60cceed1923f053e9f6b48c684bacfdd"}
,"/mnt/c/Users/PlayXtreme/Desktop/Uni/PROGETTI/Ingegneria/DietiRealEstates25/DietiRealEstates25/server/config/geoapify.js": {"path":"/mnt/c/Users/PlayXtreme/Desktop/Uni/PROGETTI/Ingegneria/DietiRealEstates25/DietiRealEstates25/server/config/geoapify.js","statementMap":{"0":{"start":{"line":4,"column":19},"end":{"line":12,"column":3}},"1":{"start":{"line":14,"column":17},"end":{"line":14,"column":42}},"2":{"start":{"line":15,"column":2},"end":{"line":17,"column":3}},"3":{"start":{"line":16,"column":4},"end":{"line":16,"column":41}},"4":{"start":{"line":19,"column":16},"end":{"line":19,"column":33}},"5":{"start":{"line":20,"column":21},"end":{"line":20,"column":48}},"6":{"start":{"line":22,"column":2},"end":{"line":27,"column":4}},"7":{"start":{"line":31,"column":19},"end":{"line":37,"column":4}},"8":{"start":{"line":39,"column":2},"end":{"line":39,"column":32}}},"fnMap":{"0":{"name":"geoCodeAddress","decl":{"start":{"line":3,"column":22},"end":{"line":3,"column":36}},"loc":{"start":{"line":3,"column":54},"end":{"line":28,"column":1}},"line":3},"1":{"name":"getPOIs","decl":{"start":{"line":30,"column":22},"end":{"line":30,"column":29}},"loc":{"start":{"line":30,"column":48},"end":{"line":40,"column":1}},"line":30}},"branchMap":{"0":{"loc":{"start":{"line":15,"column":2},"end":{"line":17,"column":3}},"type":"if","locations":[{"start":{"line":15,"column":2},"end":{"line":17,"column":3}},{"start":{},"end":{}}],"line":15}},"s":{"0":0,"1":0,"2":0,"3":0,"4":0,"5":0,"6":0,"7":0,"8":0},"f":{"0":0,"1":0},"b":{"0":[0,0]},"_coverageSchema":"1a1c01bbd47fc00a2c39e90264f33305004495a9","hash":"d4b6af441b2d5adb58577a97026ee708cb4c720b"}
,"/mnt/c/Users/PlayXtreme/Desktop/Uni/PROGETTI/Ingegneria/DietiRealEstates25/DietiRealEstates25/server/config/mailer.js": {"path":"/mnt/c/Users/PlayXtreme/Desktop/Uni/PROGETTI/Ingegneria/DietiRealEstates25/DietiRealEstates25/server/config/mailer.js","statementMap":{"0":{"start":{"line":4,"column":0},"end":{"line":4,"column":16}},"1":{"start":{"line":6,"column":27},"end":{"line":14,"column":2}},"2":{"start":{"line":17,"column":2},"end":{"line":28,"column":3}},"3":{"start":{"line":18,"column":4},"end":{"line":24,"column":7}},"4":{"start":{"line":26,"column":4},"end":{"line":26,"column":48}},"5":{"start":{"line":27,"column":4},"end":{"line":27,"column":14}},"6":{"start":{"line":39,"column":23},"end":{"line":43,"column":5}},"7":{"start":{"line":45,"column":22},"end":{"line":45,"column":46}},"8":{"start":{"line":48,"column":26},"end":{"line":48,"column":58}},"9":{"start":{"line":49,"column":4},"end":{"line":51,"column":5}},"10":{"start":{"line":50,"column":6},"end":{"line":50,"column":77}},"11":{"start":{"line":53,"column":20},"end":{"line":53,"column":50}},"12":{"start":{"line":55,"column":17},"end":{"line":69,"column":5}},"13":{"start":{"line":71,"column":17},"end":{"line":84,"column":5}},"14":{"start":{"line":86,"column":4},"end":{"line":91,"column":7}}},"fnMap":{"0":{"name":"sendMail","decl":{"start":{"line":16,"column":22},"end":{"line":16,"column":30}},"loc":{"start":{"line":16,"column":60},"end":{"line":29,"column":1}},"line":16},"1":{"name":"(anonymous_1)","decl":{"start":{"line":32,"column":2},"end":{"line":32,"column":3}},"loc":{"start":{"line":38,"column":4},"end":{"line":92,"column":3}},"line":38}},"branchMap":{"0":{"loc":{"start":{"line":8,"column":8},"end":{"line":8,"column":46}},"type":"binary-expr","locations":[{"start":{"line":8,"column":8},"end":{"line":8,"column":39}},{"start":{"line":8,"column":43},"end":{"line":8,"column":46}}],"line":8},"1":{"loc":{"start":{"line":37,"column":4},"end":{"line":37,"column":21}},"type":"default-arg","locations":[{"start":{"line":37,"column":17},"end":{"line":37,"column":21}}],"line":37},"2":{"loc":{"start":{"line":45,"column":22},"end":{"line":45,"column":46}},"type":"binary-expr","locations":[{"start":{"line":45,"column":22},"end":{"line":45,"column":38}},{"start":{"line":45,"column":42},"end":{"line":45,"column":46}}],"line":45},"3":{"loc":{"start":{"line":49,"column":4},"end":{"line":51,"column":5}},"type":"if","locations":[{"start":{"line":49,"column":4},"end":{"line":51,"column":5}},{"start":{},"end":{}}],"line":49},"4":{"loc":{"start":{"line":49,"column":8},"end":{"line":49,"column":40}},"type":"binary-expr","locations":[{"start":{"line":49,"column":8},"end":{"line":49,"column":26}},{"start":{"line":49,"column":30},"end":{"line":49,"column":40}}],"line":49}},"s":{"0":7,"1":7,"2":1,"3":1,"4":0,"5":0,"6":1,"7":1,"8":1,"9":1,"10":0,"11":1,"12":1,"13":1,"14":1},"f":{"0":1,"1":1},"b":{"0":[7,0],"1":[0],"2":[1,0],"3":[0,1],"4":[1,0]},"_coverageSchema":"1a1c01bbd47fc00a2c39e90264f33305004495a9","hash":"f3d7c1f73571be5aeec2ea54b7cc91e74925e88d"}
,"/mnt/c/Users/PlayXtreme/Desktop/Uni/PROGETTI/Ingegneria/DietiRealEstates25/DietiRealEstates25/server/controllers/AgentController.js": {"path":"/mnt/c/Users/PlayXtreme/Desktop/Uni/PROGETTI/Ingegneria/DietiRealEstates25/DietiRealEstates25/server/controllers/AgentController.js","statementMap":{"0":{"start":{"line":7,"column":4},"end":{"line":26,"column":5}},"1":{"start":{"line":8,"column":24},"end":{"line":8,"column":34}},"2":{"start":{"line":9,"column":18},"end":{"line":9,"column":56}},"3":{"start":{"line":11,"column":30},"end":{"line":17,"column":7}},"4":{"start":{"line":18,"column":21},"end":{"line":18,"column":56}},"5":{"start":{"line":20,"column":6},"end":{"line":20,"column":35}},"6":{"start":{"line":22,"column":6},"end":{"line":24,"column":7}},"7":{"start":{"line":23,"column":8},"end":{"line":23,"column":25}},"8":{"start":{"line":25,"column":6},"end":{"line":25,"column":16}}},"fnMap":{"0":{"name":"(anonymous_0)","decl":{"start":{"line":6,"column":2},"end":{"line":6,"column":3}},"loc":{"start":{"line":6,"column":43},"end":{"line":27,"column":3}},"line":6}},"branchMap":{"0":{"loc":{"start":{"line":22,"column":6},"end":{"line":24,"column":7}},"type":"if","locations":[{"start":{"line":22,"column":6},"end":{"line":24,"column":7}},{"start":{},"end":{}}],"line":22}},"s":{"0":5,"1":5,"2":5,"3":5,"4":2,"5":2,"6":3,"7":1,"8":3},"f":{"0":5},"b":{"0":[1,2]},"_coverageSchema":"1a1c01bbd47fc00a2c39e90264f33305004495a9","hash":"5c7bb2bed6d270d961322d87a3166a3e413a6a5b"}
,"/mnt/c/Users/PlayXtreme/Desktop/Uni/PROGETTI/Ingegneria/DietiRealEstates25/DietiRealEstates25/server/controllers/UserController.js": {"path":"/mnt/c/Users/PlayXtreme/Desktop/Uni/PROGETTI/Ingegneria/DietiRealEstates25/DietiRealEstates25/server/controllers/UserController.js","statementMap":{"0":{"start":{"line":9,"column":4},"end":{"line":16,"column":5}},"1":{"start":{"line":10,"column":18},"end":{"line":10,"column":49}},"2":{"start":{"line":12,"column":21},"end":{"line":12,"column":76}},"3":{"start":{"line":13,"column":6},"end":{"line":13,"column":35}},"4":{"start":{"line":15,"column":6},"end":{"line":15,"column":16}},"5":{"start":{"line":20,"column":4},"end":{"line":31,"column":5}},"6":{"start":{"line":21,"column":19},"end":{"line":21,"column":73}},"7":{"start":{"line":23,"column":6},"end":{"line":25,"column":7}},"8":{"start":{"line":24,"column":8},"end":{"line":24,"column":67}},"9":{"start":{"line":27,"column":21},"end":{"line":27,"column":47}},"10":{"start":{"line":28,"column":6},"end":{"line":28,"column":35}},"11":{"start":{"line":30,"column":6},"end":{"line":30,"column":16}},"12":{"start":{"line":35,"column":4},"end":{"line":41,"column":5}},"13":{"start":{"line":36,"column":20},"end":{"line":36,"column":55}},"14":{"start":{"line":37,"column":21},"end":{"line":37,"column":52}},"15":{"start":{"line":38,"column":6},"end":{"line":38,"column":35}},"16":{"start":{"line":40,"column":6},"end":{"line":40,"column":16}},"17":{"start":{"line":45,"column":4},"end":{"line":53,"column":5}},"18":{"start":{"line":46,"column":24},"end":{"line":46,"column":59}},"19":{"start":{"line":47,"column":18},"end":{"line":47,"column":47}},"20":{"start":{"line":48,"column":20},"end":{"line":48,"column":67}},"21":{"start":{"line":49,"column":21},"end":{"line":49,"column":48}},"22":{"start":{"line":50,"column":6},"end":{"line":50,"column":35}},"23":{"start":{"line":52,"column":6},"end":{"line":52,"column":16}},"24":{"start":{"line":57,"column":4},"end":{"line":63,"column":5}},"25":{"start":{"line":58,"column":21},"end":{"line":58,"column":58}},"26":{"start":{"line":59,"column":21},"end":{"line":59,"column":53}},"27":{"start":{"line":60,"column":6},"end":{"line":60,"column":35}},"28":{"start":{"line":62,"column":6},"end":{"line":62,"column":16}},"29":{"start":{"line":67,"column":4},"end":{"line":80,"column":5}},"30":{"start":{"line":68,"column":25},"end":{"line":68,"column":35}},"31":{"start":{"line":70,"column":23},"end":{"line":75,"column":7}},"32":{"start":{"line":77,"column":6},"end":{"line":77,"column":51}},"33":{"start":{"line":79,"column":6},"end":{"line":79,"column":16}},"34":{"start":{"line":84,"column":4},"end":{"line":95,"column":5}},"35":{"start":{"line":85,"column":19},"end":{"line":85,"column":66}},"36":{"start":{"line":87,"column":6},"end":{"line":89,"column":7}},"37":{"start":{"line":88,"column":8},"end":{"line":88,"column":67}},"38":{"start":{"line":91,"column":21},"end":{"line":91,"column":47}},"39":{"start":{"line":92,"column":6},"end":{"line":92,"column":35}},"40":{"start":{"line":94,"column":6},"end":{"line":94,"column":16}}},"fnMap":{"0":{"name":"(anonymous_0)","decl":{"start":{"line":8,"column":2},"end":{"line":8,"column":3}},"loc":{"start":{"line":8,"column":46},"end":{"line":17,"column":3}},"line":8},"1":{"name":"(anonymous_1)","decl":{"start":{"line":19,"column":2},"end":{"line":19,"column":3}},"loc":{"start":{"line":19,"column":43},"end":{"line":32,"column":3}},"line":19},"2":{"name":"(anonymous_2)","decl":{"start":{"line":34,"column":2},"end":{"line":34,"column":3}},"loc":{"start":{"line":34,"column":43},"end":{"line":42,"column":3}},"line":34},"3":{"name":"(anonymous_3)","decl":{"start":{"line":44,"column":2},"end":{"line":44,"column":3}},"loc":{"start":{"line":44,"column":43},"end":{"line":54,"column":3}},"line":44},"4":{"name":"(anonymous_4)","decl":{"start":{"line":56,"column":2},"end":{"line":56,"column":3}},"loc":{"start":{"line":56,"column":44},"end":{"line":64,"column":3}},"line":56},"5":{"name":"(anonymous_5)","decl":{"start":{"line":66,"column":2},"end":{"line":66,"column":3}},"loc":{"start":{"line":66,"column":47},"end":{"line":81,"column":3}},"line":66},"6":{"name":"(anonymous_6)","decl":{"start":{"line":83,"column":2},"end":{"line":83,"column":3}},"loc":{"start":{"line":83,"column":46},"end":{"line":96,"column":3}},"line":83}},"branchMap":{"0":{"loc":{"start":{"line":23,"column":6},"end":{"line":25,"column":7}},"type":"if","locations":[{"start":{"line":23,"column":6},"end":{"line":25,"column":7}},{"start":{},"end":{}}],"line":23},"1":{"loc":{"start":{"line":46,"column":24},"end":{"line":46,"column":59}},"type":"binary-expr","locations":[{"start":{"line":46,"column":24},"end":{"line":46,"column":47}},{"start":{"line":46,"column":51},"end":{"line":46,"column":59}}],"line":46},"2":{"loc":{"start":{"line":87,"column":6},"end":{"line":89,"column":7}},"type":"if","locations":[{"start":{"line":87,"column":6},"end":{"line":89,"column":7}},{"start":{},"end":{}}],"line":87}},"s":{"0":2,"1":2,"2":2,"3":1,"4":1,"5":3,"6":3,"7":2,"8":1,"9":1,"10":1,"11":1,"12":2,"13":2,"14":1,"15":1,"16":1,"17":3,"18":3,"19":3,"20":3,"21":2,"22":2,"23":1,"24":2,"25":2,"26":1,"27":1,"28":1,"29":2,"30":2,"31":2,"32":1,"33":1,"34":3,"35":3,"36":2,"37":1,"38":1,"39":1,"40":1},"f":{"0":2,"1":3,"2":2,"3":3,"4":2,"5":2,"6":3},"b":{"0":[1,1],"1":[3,2],"2":[1,1]},"_coverageSchema":"1a1c01bbd47fc00a2c39e90264f33305004495a9","hash":"7ea08fa3be8193235b9a8635242212dc51d9d51a"}
,"/mnt/c/Users/PlayXtreme/Desktop/Uni/PROGETTI/Ingegneria/DietiRealEstates25/DietiRealEstates25/server/mappers/AgencyMapper.js": {"path":"/mnt/c/Users/PlayXtreme/Desktop/Uni/PROGETTI/Ingegneria/DietiRealEstates25/DietiRealEstates25/server/mappers/AgencyMapper.js","statementMap":{"0":{"start":{"line":6,"column":23},"end":{"line":10,"column":6}},"1":{"start":{"line":11,"column":4},"end":{"line":19,"column":7}},"2":{"start":{"line":24,"column":24},"end":{"line":32,"column":12}},"3":{"start":{"line":34,"column":4},"end":{"line":44,"column":7}},"4":{"start":{"line":48,"column":4},"end":{"line":48,"column":70}},"5":{"start":{"line":48,"column":36},"end":{"line":48,"column":68}}},"fnMap":{"0":{"name":"(anonymous_0)","decl":{"start":{"line":5,"column":2},"end":{"line":5,"column":3}},"loc":{"start":{"line":5,"column":33},"end":{"line":20,"column":3}},"line":5},"1":{"name":"(anonymous_1)","decl":{"start":{"line":22,"column":2},"end":{"line":22,"column":3}},"loc":{"start":{"line":22,"column":29},"end":{"line":45,"column":3}},"line":22},"2":{"name":"(anonymous_2)","decl":{"start":{"line":47,"column":2},"end":{"line":47,"column":3}},"loc":{"start":{"line":47,"column":35},"end":{"line":49,"column":3}},"line":47},"3":{"name":"(anonymous_3)","decl":{"start":{"line":48,"column":24},"end":{"line":48,"column":25}},"loc":{"start":{"line":48,"column":36},"end":{"line":48,"column":68}},"line":48}},"branchMap":{"0":{"loc":{"start":{"line":24,"column":24},"end":{"line":32,"column":12}},"type":"cond-expr","locations":[{"start":{"line":25,"column":8},"end":{"line":31,"column":9}},{"start":{"line":32,"column":8},"end":{"line":32,"column":12}}],"line":24},"1":{"loc":{"start":{"line":42,"column":17},"end":{"line":42,"column":65}},"type":"cond-expr","locations":[{"start":{"line":42,"column":34},"end":{"line":42,"column":58}},{"start":{"line":42,"column":61},"end":{"line":42,"column":65}}],"line":42}},"s":{"0":2,"1":2,"2":9,"3":9,"4":4,"5":5},"f":{"0":2,"1":9,"2":4,"3":5},"b":{"0":[5,4],"1":[6,3]},"_coverageSchema":"1a1c01bbd47fc00a2c39e90264f33305004495a9","hash":"d21db502ee3ace1b244b644056339f7b4e1124ff"}
,"/mnt/c/Users/PlayXtreme/Desktop/Uni/PROGETTI/Ingegneria/DietiRealEstates25/DietiRealEstates25/server/mappers/AgentMapper.js": {"path":"/mnt/c/Users/PlayXtreme/Desktop/Uni/PROGETTI/Ingegneria/DietiRealEstates25/DietiRealEstates25/server/mappers/AgentMapper.js","statementMap":{"0":{"start":{"line":5,"column":4},"end":{"line":9,"column":7}},"1":{"start":{"line":13,"column":4},"end":{"line":19,"column":6}}},"fnMap":{"0":{"name":"(anonymous_0)","decl":{"start":{"line":4,"column":2},"end":{"line":4,"column":3}},"loc":{"start":{"line":4,"column":32},"end":{"line":10,"column":3}},"line":4},"1":{"name":"(anonymous_1)","decl":{"start":{"line":12,"column":2},"end":{"line":12,"column":3}},"loc":{"start":{"line":12,"column":33},"end":{"line":20,"column":3}},"line":12}},"branchMap":{},"s":{"0":3,"1":3},"f":{"0":3,"1":3},"b":{},"_coverageSchema":"1a1c01bbd47fc00a2c39e90264f33305004495a9","hash":"3b9bfd42058ba1f80e7da709a1678f78dc33f9a7"}
,"/mnt/c/Users/PlayXtreme/Desktop/Uni/PROGETTI/Ingegneria/DietiRealEstates25/DietiRealEstates25/server/mappers/EstateMapper.js": {"path":"/mnt/c/Users/PlayXtreme/Desktop/Uni/PROGETTI/Ingegneria/DietiRealEstates25/DietiRealEstates25/server/mappers/EstateMapper.js","statementMap":{"0":{"start":{"line":5,"column":4},"end":{"line":18,"column":7}},"1":{"start":{"line":22,"column":4},"end":{"line":46,"column":6}}},"fnMap":{"0":{"name":"(anonymous_0)","decl":{"start":{"line":4,"column":2},"end":{"line":4,"column":3}},"loc":{"start":{"line":4,"column":33},"end":{"line":19,"column":3}},"line":4},"1":{"name":"(anonymous_1)","decl":{"start":{"line":21,"column":2},"end":{"line":21,"column":3}},"loc":{"start":{"line":21,"column":29},"end":{"line":47,"column":3}},"line":21}},"branchMap":{"0":{"loc":{"start":{"line":25,"column":8},"end":{"line":27,"column":29}},"type":"binary-expr","locations":[{"start":{"line":25,"column":8},"end":{"line":25,"column":20}},{"start":{"line":26,"column":8},"end":{"line":26,"column":44}},{"start":{"line":27,"column":8},"end":{"line":27,"column":29}}],"line":25},"1":{"loc":{"start":{"line":38,"column":13},"end":{"line":43,"column":14}},"type":"cond-expr","locations":[{"start":{"line":39,"column":10},"end":{"line":42,"column":11}},{"start":{"line":43,"column":10},"end":{"line":43,"column":14}}],"line":38},"2":{"loc":{"start":{"line":41,"column":18},"end":{"line":41,"column":72}},"type":"cond-expr","locations":[{"start":{"line":41,"column":38},"end":{"line":41,"column":67}},{"start":{"line":41,"column":70},"end":{"line":41,"column":72}}],"line":41}},"s":{"0":2,"1":9},"f":{"0":2,"1":9},"b":{"0":[9,3,2],"1":[4,5],"2":[2,2]},"_coverageSchema":"1a1c01bbd47fc00a2c39e90264f33305004495a9","hash":"a2fa72a6b7680ba1cf2d66be2ca3b8d245050591"}
,"/mnt/c/Users/PlayXtreme/Desktop/Uni/PROGETTI/Ingegneria/DietiRealEstates25/DietiRealEstates25/server/mappers/SearchFiltersMapper.js": {"path":"/mnt/c/Users/PlayXtreme/Desktop/Uni/PROGETTI/Ingegneria/DietiRealEstates25/DietiRealEstates25/server/mappers/SearchFiltersMapper.js","statementMap":{"0":{"start":{"line":5,"column":4},"end":{"line":20,"column":7}},"1":{"start":{"line":24,"column":17},"end":{"line":35,"column":5}},"2":{"start":{"line":37,"column":21},"end":{"line":42,"column":10}},"3":{"start":{"line":38,"column":6},"end":{"line":40,"column":7}},"4":{"start":{"line":39,"column":8},"end":{"line":39,"column":28}},"5":{"start":{"line":41,"column":6},"end":{"line":41,"column":17}},"6":{"start":{"line":45,"column":4},"end":{"line":49,"column":7}},"7":{"start":{"line":46,"column":6},"end":{"line":48,"column":7}},"8":{"start":{"line":47,"column":8},"end":{"line":47,"column":33}},"9":{"start":{"line":51,"column":4},"end":{"line":51,"column":20}}},"fnMap":{"0":{"name":"(anonymous_0)","decl":{"start":{"line":4,"column":2},"end":{"line":4,"column":3}},"loc":{"start":{"line":4,"column":26},"end":{"line":21,"column":3}},"line":4},"1":{"name":"(anonymous_1)","decl":{"start":{"line":23,"column":2},"end":{"line":23,"column":3}},"loc":{"start":{"line":23,"column":25},"end":{"line":52,"column":3}},"line":23},"2":{"name":"(anonymous_2)","decl":{"start":{"line":37,"column":33},"end":{"line":37,"column":34}},"loc":{"start":{"line":37,"column":47},"end":{"line":42,"column":5}},"line":37},"3":{"name":"(anonymous_3)","decl":{"start":{"line":45,"column":37},"end":{"line":45,"column":38}},"loc":{"start":{"line":45,"column":46},"end":{"line":49,"column":5}},"line":45}},"branchMap":{"0":{"loc":{"start":{"line":17,"column":11},"end":{"line":17,"column":56}},"type":"cond-expr","locations":[{"start":{"line":17,"column":23},"end":{"line":17,"column":44}},{"start":{"line":17,"column":47},"end":{"line":17,"column":56}}],"line":17},"1":{"loc":{"start":{"line":18,"column":11},"end":{"line":18,"column":56}},"type":"cond-expr","locations":[{"start":{"line":18,"column":23},"end":{"line":18,"column":44}},{"start":{"line":18,"column":47},"end":{"line":18,"column":56}}],"line":18},"2":{"loc":{"start":{"line":19,"column":14},"end":{"line":19,"column":65}},"type":"cond-expr","locations":[{"start":{"line":19,"column":29},"end":{"line":19,"column":53}},{"start":{"line":19,"column":56},"end":{"line":19,"column":65}}],"line":19},"3":{"loc":{"start":{"line":38,"column":6},"end":{"line":40,"column":7}},"type":"if","locations":[{"start":{"line":38,"column":6},"end":{"line":40,"column":7}},{"start":{},"end":{}}],"line":38},"4":{"loc":{"start":{"line":46,"column":6},"end":{"line":48,"column":7}},"type":"if","locations":[{"start":{"line":46,"column":6},"end":{"line":48,"column":7}},{"start":{},"end":{}}],"line":46},"5":{"loc":{"start":{"line":46,"column":10},"end":{"line":46,"column":53}},"type":"binary-expr","locations":[{"start":{"line":46,"column":10},"end":{"line":46,"column":27}},{"start":{"line":46,"column":31},"end":{"line":46,"column":53}}],"line":46}},"s":{"0":11,"1":16,"2":16,"3":160,"4":134,"5":160,"6":16,"7":48,"8":13,"9":16},"f":{"0":11,"1":16,"2":160,"3":48},"b":{"0":[3,8],"1":[3,8],"2":[2,9],"3":[134,26],"4":[13,35],"5":[48,41]},"_coverageSchema":"1a1c01bbd47fc00a2c39e90264f33305004495a9","hash":"59c9ed2242ee20a16c4f8cc1f870b127205fbe3c"}
,"/mnt/c/Users/PlayXtreme/Desktop/Uni/PROGETTI/Ingegneria/DietiRealEstates25/DietiRealEstates25/server/mappers/UserMapper.js": {"path":"/mnt/c/Users/PlayXtreme/Desktop/Uni/PROGETTI/Ingegneria/DietiRealEstates25/DietiRealEstates25/server/mappers/UserMapper.js","statementMap":{"0":{"start":{"line":5,"column":4},"end":{"line":13,"column":7}},"1":{"start":{"line":17,"column":4},"end":{"line":17,"column":59}},"2":{"start":{"line":17,"column":31},"end":{"line":17,"column":57}}},"fnMap":{"0":{"name":"(anonymous_0)","decl":{"start":{"line":4,"column":2},"end":{"line":4,"column":3}},"loc":{"start":{"line":4,"column":46},"end":{"line":14,"column":3}},"line":4},"1":{"name":"(anonymous_1)","decl":{"start":{"line":16,"column":2},"end":{"line":16,"column":3}},"loc":{"start":{"line":16,"column":30},"end":{"line":18,"column":3}},"line":16},"2":{"name":"(anonymous_2)","decl":{"start":{"line":17,"column":21},"end":{"line":17,"column":22}},"loc":{"start":{"line":17,"column":31},"end":{"line":17,"column":57}},"line":17}},"branchMap":{"0":{"loc":{"start":{"line":4,"column":25},"end":{"line":4,"column":44}},"type":"default-arg","locations":[{"start":{"line":4,"column":40},"end":{"line":4,"column":44}}],"line":4}},"s":{"0":0,"1":0,"2":0},"f":{"0":0,"1":0,"2":0},"b":{"0":[0]},"_coverageSchema":"1a1c01bbd47fc00a2c39e90264f33305004495a9","hash":"e1c37fd710eb152166db657ec4847bf6a495db9e"}
,"/mnt/c/Users/PlayXtreme/Desktop/Uni/PROGETTI/Ingegneria/DietiRealEstates25/DietiRealEstates25/server/models/Admin.js": {"path":"/mnt/c/Users/PlayXtreme/Desktop/Uni/PROGETTI/Ingegneria/DietiRealEstates25/DietiRealEstates25/server/models/Admin.js","statementMap":{"0":{"start":{"line":4,"column":2},"end":{"line":10,"column":5}}},"fnMap":{"0":{"name":"createModel","decl":{"start":{"line":3,"column":16},"end":{"line":3,"column":27}},"loc":{"start":{"line":3,"column":38},"end":{"line":11,"column":1}},"line":3}},"branchMap":{},"s":{"0":2},"f":{"0":2},"b":{},"_coverageSchema":"1a1c01bbd47fc00a2c39e90264f33305004495a9","hash":"1f99f6d4c170ac81e0cf37df362a4f50da055827"}
,"/mnt/c/Users/PlayXtreme/Desktop/Uni/PROGETTI/Ingegneria/DietiRealEstates25/DietiRealEstates25/server/models/Agency.js": {"path":"/mnt/c/Users/PlayXtreme/Desktop/Uni/PROGETTI/Ingegneria/DietiRealEstates25/DietiRealEstates25/server/models/Agency.js","statementMap":{"0":{"start":{"line":4,"column":2},"end":{"line":39,"column":5}}},"fnMap":{"0":{"name":"createModel","decl":{"start":{"line":3,"column":16},"end":{"line":3,"column":27}},"loc":{"start":{"line":3,"column":38},"end":{"line":40,"column":1}},"line":3}},"branchMap":{},"s":{"0":2},"f":{"0":2},"b":{},"_coverageSchema":"1a1c01bbd47fc00a2c39e90264f33305004495a9","hash":"a18a433622d8c4ab8c3ab82c5f3e107ed922a136"}
,"/mnt/c/Users/PlayXtreme/Desktop/Uni/PROGETTI/Ingegneria/DietiRealEstates25/DietiRealEstates25/server/models/Agent.js": {"path":"/mnt/c/Users/PlayXtreme/Desktop/Uni/PROGETTI/Ingegneria/DietiRealEstates25/DietiRealEstates25/server/models/Agent.js","statementMap":{"0":{"start":{"line":4,"column":2},"end":{"line":25,"column":5}}},"fnMap":{"0":{"name":"createModel","decl":{"start":{"line":3,"column":16},"end":{"line":3,"column":27}},"loc":{"start":{"line":3,"column":38},"end":{"line":26,"column":1}},"line":3}},"branchMap":{},"s":{"0":2},"f":{"0":2},"b":{},"_coverageSchema":"1a1c01bbd47fc00a2c39e90264f33305004495a9","hash":"eaa454d4fd3a80250cef0f218b43e317afbeb720"}
,"/mnt/c/Users/PlayXtreme/Desktop/Uni/PROGETTI/Ingegneria/DietiRealEstates25/DietiRealEstates25/server/models/DietiRealEstatesDB.js": {"path":"/mnt/c/Users/PlayXtreme/Desktop/Uni/PROGETTI/Ingegneria/DietiRealEstates25/DietiRealEstates25/server/models/DietiRealEstatesDB.js","statementMap":{"0":{"start":{"line":12,"column":0},"end":{"line":12,"column":16}},"1":{"start":{"line":14,"column":24},"end":{"line":23,"column":2}},"2":{"start":{"line":25,"column":0},"end":{"line":25,"column":27}},"3":{"start":{"line":26,"column":0},"end":{"line":26,"column":27}},"4":{"start":{"line":27,"column":0},"end":{"line":27,"column":28}},"5":{"start":{"line":28,"column":0},"end":{"line":28,"column":32}},"6":{"start":{"line":29,"column":0},"end":{"line":29,"column":29}},"7":{"start":{"line":30,"column":0},"end":{"line":30,"column":27}},"8":{"start":{"line":31,"column":0},"end":{"line":31,"column":26}},"9":{"start":{"line":32,"column":0},"end":{"line":32,"column":27}},"10":{"start":{"line":35,"column":2},"end":{"line":35,"column":17}},"11":{"start":{"line":40,"column":0},"end":{"line":42,"column":3}},"12":{"start":{"line":44,"column":0},"end":{"line":46,"column":3}},"13":{"start":{"line":49,"column":0},"end":{"line":51,"column":3}},"14":{"start":{"line":52,"column":0},"end":{"line":54,"column":3}},"15":{"start":{"line":57,"column":0},"end":{"line":59,"column":3}},"16":{"start":{"line":60,"column":0},"end":{"line":62,"column":3}},"17":{"start":{"line":65,"column":0},"end":{"line":67,"column":3}},"18":{"start":{"line":68,"column":0},"end":{"line":70,"column":3}},"19":{"start":{"line":73,"column":0},"end":{"line":73,"column":53}},"20":{"start":{"line":74,"column":0},"end":{"line":74,"column":50}},"21":{"start":{"line":77,"column":0},"end":{"line":79,"column":3}},"22":{"start":{"line":80,"column":0},"end":{"line":82,"column":3}},"23":{"start":{"line":85,"column":0},"end":{"line":87,"column":3}},"24":{"start":{"line":88,"column":0},"end":{"line":90,"column":3}},"25":{"start":{"line":93,"column":0},"end":{"line":95,"column":3}},"26":{"start":{"line":96,"column":0},"end":{"line":98,"column":3}},"27":{"start":{"line":101,"column":0},"end":{"line":103,"column":3}},"28":{"start":{"line":104,"column":0},"end":{"line":106,"column":3}},"29":{"start":{"line":109,"column":0},"end":{"line":111,"column":3}},"30":{"start":{"line":112,"column":0},"end":{"line":114,"column":3}},"31":{"start":{"line":117,"column":0},"end":{"line":119,"column":3}},"32":{"start":{"line":120,"column":0},"end":{"line":122,"column":3}},"33":{"start":{"line":125,"column":0},"end":{"line":127,"column":3}},"34":{"start":{"line":128,"column":0},"end":{"line":130,"column":3}},"35":{"start":{"line":133,"column":0},"end":{"line":135,"column":3}},"36":{"start":{"line":136,"column":0},"end":{"line":138,"column":3}},"37":{"start":{"line":140,"column":0},"end":{"line":151,"column":5}},"38":{"start":{"line":143,"column":4},"end":{"line":147,"column":7}},"39":{"start":{"line":150,"column":4},"end":{"line":150,"column":65}}},"fnMap":{"0":{"name":"(anonymous_0)","decl":{"start":{"line":142,"column":8},"end":{"line":142,"column":9}},"loc":{"start":{"line":142,"column":20},"end":{"line":148,"column":3}},"line":142},"1":{"name":"(anonymous_1)","decl":{"start":{"line":149,"column":9},"end":{"line":149,"column":10}},"loc":{"start":{"line":149,"column":18},"end":{"line":151,"column":3}},"line":149}},"branchMap":{},"s":{"0":2,"1":2,"2":2,"3":2,"4":2,"5":2,"6":2,"7":2,"8":2,"9":2,"10":2,"11":2,"12":2,"13":2,"14":2,"15":2,"16":2,"17":2,"18":2,"19":2,"20":2,"21":2,"22":2,"23":2,"24":2,"25":2,"26":2,"27":2,"28":2,"29":2,"30":2,"31":2,"32":2,"33":2,"34":2,"35":2,"36":2,"37":2,"38":0,"39":0},"f":{"0":0,"1":0},"b":{},"_coverageSchema":"1a1c01bbd47fc00a2c39e90264f33305004495a9","hash":"5974f2b3642c37e39eb5605fda65e7c7b5fcb6c3"}
,"/mnt/c/Users/PlayXtreme/Desktop/Uni/PROGETTI/Ingegneria/DietiRealEstates25/DietiRealEstates25/server/models/Manager.js": {"path":"/mnt/c/Users/PlayXtreme/Desktop/Uni/PROGETTI/Ingegneria/DietiRealEstates25/DietiRealEstates25/server/models/Manager.js","statementMap":{"0":{"start":{"line":4,"column":2},"end":{"line":14,"column":5}}},"fnMap":{"0":{"name":"createModel","decl":{"start":{"line":3,"column":16},"end":{"line":3,"column":27}},"loc":{"start":{"line":3,"column":38},"end":{"line":15,"column":1}},"line":3}},"branchMap":{},"s":{"0":2},"f":{"0":2},"b":{},"_coverageSchema":"1a1c01bbd47fc00a2c39e90264f33305004495a9","hash":"d56dbddaf09197c7556c8f7f7801903e16c50c4a"}
,"/mnt/c/Users/PlayXtreme/Desktop/Uni/PROGETTI/Ingegneria/DietiRealEstates25/DietiRealEstates25/server/models/Offer.js": {"path":"/mnt/c/Users/PlayXtreme/Desktop/Uni/PROGETTI/Ingegneria/DietiRealEstates25/DietiRealEstates25/server/models/Offer.js","statementMap":{"0":{"start":{"line":4,"column":2},"end":{"line":39,"column":5}}},"fnMap":{"0":{"name":"createModel","decl":{"start":{"line":3,"column":16},"end":{"line":3,"column":27}},"loc":{"start":{"line":3,"column":38},"end":{"line":40,"column":1}},"line":3}},"branchMap":{},"s":{"0":2},"f":{"0":2},"b":{},"_coverageSchema":"1a1c01bbd47fc00a2c39e90264f33305004495a9","hash":"b3c0f3d09fc7a95262d0026f1d09b3c0e17aadaf"}
,"/mnt/c/Users/PlayXtreme/Desktop/Uni/PROGETTI/Ingegneria/DietiRealEstates25/DietiRealEstates25/server/models/Place.js": {"path":"/mnt/c/Users/PlayXtreme/Desktop/Uni/PROGETTI/Ingegneria/DietiRealEstates25/DietiRealEstates25/server/models/Place.js","statementMap":{"0":{"start":{"line":4,"column":4},"end":{"line":29,"column":6}}},"fnMap":{"0":{"name":"createModel","decl":{"start":{"line":3,"column":16},"end":{"line":3,"column":27}},"loc":{"start":{"line":3,"column":38},"end":{"line":30,"column":1}},"line":3}},"branchMap":{},"s":{"0":2},"f":{"0":2},"b":{},"_coverageSchema":"1a1c01bbd47fc00a2c39e90264f33305004495a9","hash":"81cd0ce6b71e7a5b18fa4a45cee153117c2bf07d"}
,"/mnt/c/Users/PlayXtreme/Desktop/Uni/PROGETTI/Ingegneria/DietiRealEstates25/DietiRealEstates25/server/models/RealEstate.js": {"path":"/mnt/c/Users/PlayXtreme/Desktop/Uni/PROGETTI/Ingegneria/DietiRealEstates25/DietiRealEstates25/server/models/RealEstate.js","statementMap":{"0":{"start":{"line":4,"column":2},"end":{"line":96,"column":4}},"1":{"start":{"line":75,"column":10},"end":{"line":77,"column":11}},"2":{"start":{"line":76,"column":12},"end":{"line":76,"column":78}},"3":{"start":{"line":78,"column":10},"end":{"line":82,"column":11}},"4":{"start":{"line":79,"column":12},"end":{"line":81,"column":14}},"5":{"start":{"line":83,"column":10},"end":{"line":87,"column":11}},"6":{"start":{"line":84,"column":12},"end":{"line":86,"column":14}},"7":{"start":{"line":88,"column":10},"end":{"line":92,"column":11}},"8":{"start":{"line":89,"column":12},"end":{"line":91,"column":14}}},"fnMap":{"0":{"name":"createModel","decl":{"start":{"line":3,"column":16},"end":{"line":3,"column":27}},"loc":{"start":{"line":3,"column":38},"end":{"line":97,"column":1}},"line":3},"1":{"name":"(anonymous_1)","decl":{"start":{"line":74,"column":8},"end":{"line":74,"column":9}},"loc":{"start":{"line":74,"column":28},"end":{"line":93,"column":9}},"line":74}},"branchMap":{"0":{"loc":{"start":{"line":75,"column":10},"end":{"line":77,"column":11}},"type":"if","locations":[{"start":{"line":75,"column":10},"end":{"line":77,"column":11}},{"start":{},"end":{}}],"line":75},"1":{"loc":{"start":{"line":75,"column":14},"end":{"line":75,"column":57}},"type":"binary-expr","locations":[{"start":{"line":75,"column":14},"end":{"line":75,"column":40}},{"start":{"line":75,"column":44},"end":{"line":75,"column":57}}],"line":75},"2":{"loc":{"start":{"line":78,"column":10},"end":{"line":82,"column":11}},"type":"if","locations":[{"start":{"line":78,"column":10},"end":{"line":82,"column":11}},{"start":{},"end":{}}],"line":78},"3":{"loc":{"start":{"line":78,"column":14},"end":{"line":78,"column":61}},"type":"binary-expr","locations":[{"start":{"line":78,"column":14},"end":{"line":78,"column":42}},{"start":{"line":78,"column":46},"end":{"line":78,"column":61}}],"line":78},"4":{"loc":{"start":{"line":83,"column":10},"end":{"line":87,"column":11}},"type":"if","locations":[{"start":{"line":83,"column":10},"end":{"line":87,"column":11}},{"start":{},"end":{}}],"line":83},"5":{"loc":{"start":{"line":83,"column":14},"end":{"line":83,"column":58}},"type":"binary-expr","locations":[{"start":{"line":83,"column":14},"end":{"line":83,"column":40}},{"start":{"line":83,"column":44},"end":{"line":83,"column":58}}],"line":83},"6":{"loc":{"start":{"line":88,"column":10},"end":{"line":92,"column":11}},"type":"if","locations":[{"start":{"line":88,"column":10},"end":{"line":92,"column":11}},{"start":{},"end":{}}],"line":88},"7":{"loc":{"start":{"line":88,"column":14},"end":{"line":88,"column":58}},"type":"binary-expr","locations":[{"start":{"line":88,"column":14},"end":{"line":88,"column":42}},{"start":{"line":88,"column":46},"end":{"line":88,"column":58}}],"line":88}},"s":{"0":2,"1":0,"2":0,"3":0,"4":0,"5":0,"6":0,"7":0,"8":0},"f":{"0":2,"1":0},"b":{"0":[0,0],"1":[0,0],"2":[0,0],"3":[0,0],"4":[0,0],"5":[0,0],"6":[0,0],"7":[0,0]},"_coverageSchema":"1a1c01bbd47fc00a2c39e90264f33305004495a9","hash":"67067ed751d681f2714248ba9e07823a66a94c95"}
,"/mnt/c/Users/PlayXtreme/Desktop/Uni/PROGETTI/Ingegneria/DietiRealEstates25/DietiRealEstates25/server/models/User.js": {"path":"/mnt/c/Users/PlayXtreme/Desktop/Uni/PROGETTI/Ingegneria/DietiRealEstates25/DietiRealEstates25/server/models/User.js","statementMap":{"0":{"start":{"line":5,"column":2},"end":{"line":44,"column":5}},"1":{"start":{"line":28,"column":21},"end":{"line":28,"column":41}},"2":{"start":{"line":29,"column":8},"end":{"line":29,"column":72}}},"fnMap":{"0":{"name":"createModel","decl":{"start":{"line":4,"column":16},"end":{"line":4,"column":27}},"loc":{"start":{"line":4,"column":38},"end":{"line":45,"column":1}},"line":4},"1":{"name":"(anonymous_1)","decl":{"start":{"line":27,"column":6},"end":{"line":27,"column":7}},"loc":{"start":{"line":27,"column":17},"end":{"line":30,"column":7}},"line":27}},"branchMap":{},"s":{"0":2,"1":0,"2":0},"f":{"0":2,"1":0},"b":{},"_coverageSchema":"1a1c01bbd47fc00a2c39e90264f33305004495a9","hash":"6c0c24f0e8c638d0eb06918ba40202c69e59f4ea"}
,"/mnt/c/Users/PlayXtreme/Desktop/Uni/PROGETTI/Ingegneria/DietiRealEstates25/DietiRealEstates25/server/services/AgencyService.js": {"path":"/mnt/c/Users/PlayXtreme/Desktop/Uni/PROGETTI/Ingegneria/DietiRealEstates25/DietiRealEstates25/server/services/AgencyService.js","statementMap":{"0":{"start":{"line":7,"column":24},"end":{"line":7,"column":60}},"1":{"start":{"line":8,"column":30},"end":{"line":8,"column":51}},"2":{"start":{"line":11,"column":23},"end":{"line":11,"column":39}},"3":{"start":{"line":12,"column":4},"end":{"line":14,"column":5}},"4":{"start":{"line":13,"column":6},"end":{"line":13,"column":58}},"5":{"start":{"line":15,"column":4},"end":{"line":15,"column":36}},"6":{"start":{"line":17,"column":4},"end":{"line":80,"column":5}},"7":{"start":{"line":18,"column":27},"end":{"line":20,"column":8}},"8":{"start":{"line":21,"column":6},"end":{"line":23,"column":7}},"9":{"start":{"line":22,"column":8},"end":{"line":22,"column":48}},"10":{"start":{"line":26,"column":22},"end":{"line":35,"column":7}},"11":{"start":{"line":38,"column":24},"end":{"line":48,"column":7}},"12":{"start":{"line":51,"column":6},"end":{"line":57,"column":8}},"13":{"start":{"line":59,"column":6},"end":{"line":64,"column":8}},"14":{"start":{"line":66,"column":6},"end":{"line":66,"column":33}},"15":{"start":{"line":68,"column":6},"end":{"line":74,"column":8}},"16":{"start":{"line":76,"column":6},"end":{"line":76,"column":53}},"17":{"start":{"line":78,"column":6},"end":{"line":78,"column":35}},"18":{"start":{"line":79,"column":6},"end":{"line":79,"column":16}},"19":{"start":{"line":83,"column":21},"end":{"line":107,"column":6}},"20":{"start":{"line":109,"column":4},"end":{"line":115,"column":7}},"21":{"start":{"line":110,"column":25},"end":{"line":110,"column":52}},"22":{"start":{"line":111,"column":6},"end":{"line":114,"column":8}},"23":{"start":{"line":119,"column":19},"end":{"line":130,"column":6}},"24":{"start":{"line":131,"column":4},"end":{"line":133,"column":5}},"25":{"start":{"line":132,"column":6},"end":{"line":132,"column":42}},"26":{"start":{"line":134,"column":4},"end":{"line":134,"column":18}}},"fnMap":{"0":{"name":"(anonymous_0)","decl":{"start":{"line":6,"column":2},"end":{"line":6,"column":3}},"loc":{"start":{"line":6,"column":62},"end":{"line":81,"column":3}},"line":6},"1":{"name":"(anonymous_1)","decl":{"start":{"line":82,"column":2},"end":{"line":82,"column":3}},"loc":{"start":{"line":82,"column":53},"end":{"line":116,"column":3}},"line":82},"2":{"name":"(anonymous_2)","decl":{"start":{"line":109,"column":24},"end":{"line":109,"column":25}},"loc":{"start":{"line":109,"column":36},"end":{"line":115,"column":5}},"line":109},"3":{"name":"(anonymous_3)","decl":{"start":{"line":118,"column":2},"end":{"line":118,"column":3}},"loc":{"start":{"line":118,"column":62},"end":{"line":135,"column":3}},"line":118}},"branchMap":{"0":{"loc":{"start":{"line":12,"column":4},"end":{"line":14,"column":5}},"type":"if","locations":[{"start":{"line":12,"column":4},"end":{"line":14,"column":5}},{"start":{},"end":{}}],"line":12},"1":{"loc":{"start":{"line":21,"column":6},"end":{"line":23,"column":7}},"type":"if","locations":[{"start":{"line":21,"column":6},"end":{"line":23,"column":7}},{"start":{},"end":{}}],"line":21},"2":{"loc":{"start":{"line":113,"column":17},"end":{"line":113,"column":49}},"type":"binary-expr","locations":[{"start":{"line":113,"column":17},"end":{"line":113,"column":41}},{"start":{"line":113,"column":45},"end":{"line":113,"column":49}}],"line":113},"3":{"loc":{"start":{"line":131,"column":4},"end":{"line":133,"column":5}},"type":"if","locations":[{"start":{"line":131,"column":4},"end":{"line":133,"column":5}},{"start":{},"end":{}}],"line":131},"4":{"loc":{"start":{"line":131,"column":8},"end":{"line":131,"column":35}},"type":"binary-expr","locations":[{"start":{"line":131,"column":8},"end":{"line":131,"column":15}},{"start":{"line":131,"column":19},"end":{"line":131,"column":35}}],"line":131}},"s":{"0":0,"1":0,"2":0,"3":0,"4":0,"5":0,"6":0,"7":0,"8":0,"9":0,"10":0,"11":0,"12":0,"13":0,"14":0,"15":0,"16":0,"17":0,"18":0,"19":7,"20":7,"21":7,"22":7,"23":14,"24":14,"25":5,"26":9},"f":{"0":0,"1":7,"2":7,"3":14},"b":{"0":[0,0],"1":[0,0],"2":[7,4],"3":[5,9],"4":[14,11]},"_coverageSchema":"1a1c01bbd47fc00a2c39e90264f33305004495a9","hash":"69465076c6b113ab2cf3610d59271f5eef998398"}
,"/mnt/c/Users/PlayXtreme/Desktop/Uni/PROGETTI/Ingegneria/DietiRealEstates25/DietiRealEstates25/server/services/AgentService.js": {"path":"/mnt/c/Users/PlayXtreme/Desktop/Uni/PROGETTI/Ingegneria/DietiRealEstates25/DietiRealEstates25/server/services/AgentService.js","statementMap":{"0":{"start":{"line":6,"column":4},"end":{"line":8,"column":5}},"1":{"start":{"line":7,"column":6},"end":{"line":7,"column":47}},"2":{"start":{"line":10,"column":4},"end":{"line":12,"column":5}},"3":{"start":{"line":11,"column":6},"end":{"line":11,"column":48}},"4":{"start":{"line":14,"column":4},"end":{"line":16,"column":5}},"5":{"start":{"line":15,"column":6},"end":{"line":15,"column":50}},"6":{"start":{"line":18,"column":4},"end":{"line":20,"column":5}},"7":{"start":{"line":19,"column":6},"end":{"line":19,"column":43}},"8":{"start":{"line":22,"column":4},"end":{"line":24,"column":5}},"9":{"start":{"line":23,"column":6},"end":{"line":23,"column":42}},"10":{"start":{"line":26,"column":4},"end":{"line":28,"column":5}},"11":{"start":{"line":27,"column":6},"end":{"line":27,"column":45}},"12":{"start":{"line":30,"column":25},"end":{"line":32,"column":6}},"13":{"start":{"line":33,"column":4},"end":{"line":35,"column":5}},"14":{"start":{"line":34,"column":6},"end":{"line":34,"column":46}},"15":{"start":{"line":37,"column":27},"end":{"line":37,"column":48}},"16":{"start":{"line":39,"column":20},"end":{"line":45,"column":6}},"17":{"start":{"line":46,"column":4},"end":{"line":48,"column":5}},"18":{"start":{"line":47,"column":6},"end":{"line":47,"column":42}},"19":{"start":{"line":50,"column":20},"end":{"line":50,"column":53}},"20":{"start":{"line":51,"column":4},"end":{"line":53,"column":5}},"21":{"start":{"line":52,"column":6},"end":{"line":52,"column":43}},"22":{"start":{"line":54,"column":21},"end":{"line":54,"column":37}},"23":{"start":{"line":55,"column":21},"end":{"line":59,"column":6}},"24":{"start":{"line":60,"column":4},"end":{"line":62,"column":5}},"25":{"start":{"line":61,"column":6},"end":{"line":61,"column":43}},"26":{"start":{"line":65,"column":4},"end":{"line":75,"column":5}},"27":{"start":{"line":66,"column":6},"end":{"line":72,"column":8}},"28":{"start":{"line":74,"column":6},"end":{"line":74,"column":78}},"29":{"start":{"line":77,"column":4},"end":{"line":77,"column":46}}},"fnMap":{"0":{"name":"(anonymous_0)","decl":{"start":{"line":5,"column":2},"end":{"line":5,"column":3}},"loc":{"start":{"line":5,"column":65},"end":{"line":78,"column":3}},"line":5}},"branchMap":{"0":{"loc":{"start":{"line":6,"column":4},"end":{"line":8,"column":5}},"type":"if","locations":[{"start":{"line":6,"column":4},"end":{"line":8,"column":5}},{"start":{},"end":{}}],"line":6},"1":{"loc":{"start":{"line":6,"column":8},"end":{"line":6,"column":39}},"type":"binary-expr","locations":[{"start":{"line":6,"column":8},"end":{"line":6,"column":22}},{"start":{"line":6,"column":26},"end":{"line":6,"column":39}}],"line":6},"2":{"loc":{"start":{"line":10,"column":4},"end":{"line":12,"column":5}},"type":"if","locations":[{"start":{"line":10,"column":4},"end":{"line":12,"column":5}},{"start":{},"end":{}}],"line":10},"3":{"loc":{"start":{"line":14,"column":4},"end":{"line":16,"column":5}},"type":"if","locations":[{"start":{"line":14,"column":4},"end":{"line":16,"column":5}},{"start":{},"end":{}}],"line":14},"4":{"loc":{"start":{"line":18,"column":4},"end":{"line":20,"column":5}},"type":"if","locations":[{"start":{"line":18,"column":4},"end":{"line":20,"column":5}},{"start":{},"end":{}}],"line":18},"5":{"loc":{"start":{"line":22,"column":4},"end":{"line":24,"column":5}},"type":"if","locations":[{"start":{"line":22,"column":4},"end":{"line":24,"column":5}},{"start":{},"end":{}}],"line":22},"6":{"loc":{"start":{"line":26,"column":4},"end":{"line":28,"column":5}},"type":"if","locations":[{"start":{"line":26,"column":4},"end":{"line":28,"column":5}},{"start":{},"end":{}}],"line":26},"7":{"loc":{"start":{"line":33,"column":4},"end":{"line":35,"column":5}},"type":"if","locations":[{"start":{"line":33,"column":4},"end":{"line":35,"column":5}},{"start":{},"end":{}}],"line":33},"8":{"loc":{"start":{"line":46,"column":4},"end":{"line":48,"column":5}},"type":"if","locations":[{"start":{"line":46,"column":4},"end":{"line":48,"column":5}},{"start":{},"end":{}}],"line":46},"9":{"loc":{"start":{"line":46,"column":8},"end":{"line":46,"column":35}},"type":"binary-expr","locations":[{"start":{"line":46,"column":8},"end":{"line":46,"column":16}},{"start":{"line":46,"column":20},"end":{"line":46,"column":35}}],"line":46},"10":{"loc":{"start":{"line":51,"column":4},"end":{"line":53,"column":5}},"type":"if","locations":[{"start":{"line":51,"column":4},"end":{"line":53,"column":5}},{"start":{},"end":{}}],"line":51},"11":{"loc":{"start":{"line":51,"column":8},"end":{"line":51,"column":37}},"type":"binary-expr","locations":[{"start":{"line":51,"column":8},"end":{"line":51,"column":16}},{"start":{"line":51,"column":20},"end":{"line":51,"column":37}}],"line":51},"12":{"loc":{"start":{"line":60,"column":4},"end":{"line":62,"column":5}},"type":"if","locations":[{"start":{"line":60,"column":4},"end":{"line":62,"column":5}},{"start":{},"end":{}}],"line":60},"13":{"loc":{"start":{"line":60,"column":8},"end":{"line":60,"column":38}},"type":"binary-expr","locations":[{"start":{"line":60,"column":8},"end":{"line":60,"column":17}},{"start":{"line":60,"column":21},"end":{"line":60,"column":38}}],"line":60}},"s":{"0":18,"1":2,"2":16,"3":2,"4":14,"5":2,"6":12,"7":2,"8":10,"9":2,"10":8,"11":2,"12":6,"13":6,"14":1,"15":5,"16":5,"17":5,"18":1,"19":4,"20":4,"21":2,"22":2,"23":2,"24":2,"25":1,"26":1,"27":1,"28":0,"29":1},"f":{"0":18},"b":{"0":[2,16],"1":[18,16],"2":[2,14],"3":[2,12],"4":[2,10],"5":[2,8],"6":[2,6],"7":[1,5],"8":[1,4],"9":[5,5],"10":[2,2],"11":[4,3],"12":[1,1],"13":[2,2]},"_coverageSchema":"1a1c01bbd47fc00a2c39e90264f33305004495a9","hash":"437e66f7eea852136795c7bc52247ac9cb673325"}
,"/mnt/c/Users/PlayXtreme/Desktop/Uni/PROGETTI/Ingegneria/DietiRealEstates25/DietiRealEstates25/server/services/EstateService.js": {"path":"/mnt/c/Users/PlayXtreme/Desktop/Uni/PROGETTI/Ingegneria/DietiRealEstates25/DietiRealEstates25/server/services/EstateService.js","statementMap":{"0":{"start":{"line":16,"column":4},"end":{"line":16,"column":36}},"1":{"start":{"line":17,"column":4},"end":{"line":17,"column":34}},"2":{"start":{"line":18,"column":4},"end":{"line":18,"column":55}},"3":{"start":{"line":20,"column":4},"end":{"line":20,"column":61}},"4":{"start":{"line":23,"column":6},"end":{"line":23,"column":58}},"5":{"start":{"line":25,"column":18},"end":{"line":25,"column":65}},"6":{"start":{"line":27,"column":22},"end":{"line":43,"column":6}},"7":{"start":{"line":45,"column":4},"end":{"line":45,"column":21}},"8":{"start":{"line":49,"column":4},"end":{"line":51,"column":5}},"9":{"start":{"line":50,"column":6},"end":{"line":50,"column":54}},"10":{"start":{"line":52,"column":4},"end":{"line":54,"column":5}},"11":{"start":{"line":53,"column":6},"end":{"line":53,"column":52}},"12":{"start":{"line":58,"column":4},"end":{"line":60,"column":5}},"13":{"start":{"line":59,"column":6},"end":{"line":59,"column":61}},"14":{"start":{"line":61,"column":4},"end":{"line":63,"column":5}},"15":{"start":{"line":62,"column":6},"end":{"line":62,"column":64}},"16":{"start":{"line":67,"column":4},"end":{"line":71,"column":5}},"17":{"start":{"line":68,"column":6},"end":{"line":70,"column":8}},"18":{"start":{"line":75,"column":27},"end":{"line":77,"column":10}},"19":{"start":{"line":76,"column":46},"end":{"line":76,"column":76}},"20":{"start":{"line":79,"column":4},"end":{"line":81,"column":5}},"21":{"start":{"line":80,"column":6},"end":{"line":80,"column":28}},"22":{"start":{"line":83,"column":4},"end":{"line":83,"column":47}},"23":{"start":{"line":87,"column":4},"end":{"line":89,"column":5}},"24":{"start":{"line":88,"column":6},"end":{"line":88,"column":20}},"25":{"start":{"line":90,"column":4},"end":{"line":95,"column":5}},"26":{"start":{"line":91,"column":6},"end":{"line":94,"column":25}},"27":{"start":{"line":93,"column":20},"end":{"line":93,"column":28}},"28":{"start":{"line":96,"column":4},"end":{"line":96,"column":14}},"29":{"start":{"line":100,"column":20},"end":{"line":100,"column":50}},"30":{"start":{"line":101,"column":4},"end":{"line":108,"column":5}},"31":{"start":{"line":102,"column":6},"end":{"line":107,"column":8}},"32":{"start":{"line":110,"column":18},"end":{"line":110,"column":46}},"33":{"start":{"line":111,"column":4},"end":{"line":118,"column":5}},"34":{"start":{"line":112,"column":6},"end":{"line":117,"column":8}},"35":{"start":{"line":120,"column":4},"end":{"line":120,"column":62}},"36":{"start":{"line":124,"column":30},"end":{"line":126,"column":19}},"37":{"start":{"line":127,"column":16},"end":{"line":127,"column":63}},"38":{"start":{"line":129,"column":16},"end":{"line":131,"column":6}},"39":{"start":{"line":133,"column":4},"end":{"line":140,"column":5}},"40":{"start":{"line":134,"column":19},"end":{"line":134,"column":58}},"41":{"start":{"line":135,"column":6},"end":{"line":139,"column":9}},"42":{"start":{"line":142,"column":4},"end":{"line":142,"column":17}},"43":{"start":{"line":146,"column":4},"end":{"line":146,"column":69}},"44":{"start":{"line":150,"column":4},"end":{"line":159,"column":5}},"45":{"start":{"line":152,"column":6},"end":{"line":152,"column":34}},"46":{"start":{"line":153,"column":6},"end":{"line":155,"column":7}},"47":{"start":{"line":154,"column":8},"end":{"line":154,"column":45}},"48":{"start":{"line":156,"column":6},"end":{"line":158,"column":7}},"49":{"start":{"line":157,"column":8},"end":{"line":157,"column":45}},"50":{"start":{"line":163,"column":28},"end":{"line":163,"column":30}},"51":{"start":{"line":166,"column":4},"end":{"line":171,"column":6}},"52":{"start":{"line":172,"column":4},"end":{"line":177,"column":6}},"53":{"start":{"line":180,"column":4},"end":{"line":182,"column":5}},"54":{"start":{"line":181,"column":6},"end":{"line":181,"column":60}},"55":{"start":{"line":183,"column":4},"end":{"line":185,"column":5}},"56":{"start":{"line":184,"column":6},"end":{"line":184,"column":68}},"57":{"start":{"line":188,"column":4},"end":{"line":190,"column":5}},"58":{"start":{"line":189,"column":6},"end":{"line":189,"column":72}},"59":{"start":{"line":192,"column":26},"end":{"line":199,"column":5}},"60":{"start":{"line":201,"column":4},"end":{"line":205,"column":7}},"61":{"start":{"line":202,"column":6},"end":{"line":204,"column":7}},"62":{"start":{"line":203,"column":8},"end":{"line":203,"column":44}},"63":{"start":{"line":207,"column":4},"end":{"line":207,"column":27}},"64":{"start":{"line":212,"column":14},"end":{"line":212,"column":18}},"65":{"start":{"line":213,"column":17},"end":{"line":213,"column":48}},"66":{"start":{"line":214,"column":17},"end":{"line":214,"column":48}},"67":{"start":{"line":216,"column":6},"end":{"line":220,"column":26}},"68":{"start":{"line":221,"column":14},"end":{"line":221,"column":60}},"69":{"start":{"line":222,"column":4},"end":{"line":222,"column":17}},"70":{"start":{"line":232,"column":28},"end":{"line":232,"column":62}},"71":{"start":{"line":234,"column":56},"end":{"line":234,"column":66}},"72":{"start":{"line":235,"column":19},"end":{"line":235,"column":37}},"73":{"start":{"line":237,"column":4},"end":{"line":281,"column":5}},"74":{"start":{"line":239,"column":25},"end":{"line":247,"column":8}},"75":{"start":{"line":250,"column":30},"end":{"line":258,"column":8}},"76":{"start":{"line":251,"column":25},"end":{"line":256,"column":9}},"77":{"start":{"line":257,"column":8},"end":{"line":257,"column":42}},"78":{"start":{"line":261,"column":6},"end":{"line":266,"column":9}},"79":{"start":{"line":262,"column":8},"end":{"line":264,"column":9}},"80":{"start":{"line":263,"column":10},"end":{"line":263,"column":63}},"81":{"start":{"line":265,"column":8},"end":{"line":265,"column":33}},"82":{"start":{"line":269,"column":31},"end":{"line":269,"column":76}},"83":{"start":{"line":271,"column":21},"end":{"line":278,"column":7}},"84":{"start":{"line":273,"column":10},"end":{"line":273,"column":42}},"85":{"start":{"line":280,"column":6},"end":{"line":280,"column":20}},"86":{"start":{"line":283,"column":20},"end":{"line":299,"column":6}},"87":{"start":{"line":301,"column":4},"end":{"line":306,"column":6}},"88":{"start":{"line":302,"column":41},"end":{"line":302,"column":73}}},"fnMap":{"0":{"name":"(anonymous_0)","decl":{"start":{"line":6,"column":2},"end":{"line":6,"column":3}},"loc":{"start":{"line":15,"column":4},"end":{"line":46,"column":3}},"line":15},"1":{"name":"(anonymous_1)","decl":{"start":{"line":48,"column":2},"end":{"line":48,"column":3}},"loc":{"start":{"line":48,"column":32},"end":{"line":55,"column":3}},"line":48},"2":{"name":"(anonymous_2)","decl":{"start":{"line":57,"column":2},"end":{"line":57,"column":3}},"loc":{"start":{"line":57,"column":30},"end":{"line":64,"column":3}},"line":57},"3":{"name":"(anonymous_3)","decl":{"start":{"line":66,"column":2},"end":{"line":66,"column":3}},"loc":{"start":{"line":66,"column":47},"end":{"line":72,"column":3}},"line":66},"4":{"name":"(anonymous_4)","decl":{"start":{"line":74,"column":2},"end":{"line":74,"column":3}},"loc":{"start":{"line":74,"column":47},"end":{"line":84,"column":3}},"line":74},"5":{"name":"(anonymous_5)","decl":{"start":{"line":76,"column":36},"end":{"line":76,"column":37}},"loc":{"start":{"line":76,"column":46},"end":{"line":76,"column":76}},"line":76},"6":{"name":"(anonymous_6)","decl":{"start":{"line":86,"column":2},"end":{"line":86,"column":3}},"loc":{"start":{"line":86,"column":37},"end":{"line":97,"column":3}},"line":86},"7":{"name":"(anonymous_7)","decl":{"start":{"line":93,"column":13},"end":{"line":93,"column":14}},"loc":{"start":{"line":93,"column":20},"end":{"line":93,"column":28}},"line":93},"8":{"name":"(anonymous_8)","decl":{"start":{"line":99,"column":2},"end":{"line":99,"column":3}},"loc":{"start":{"line":99,"column":57},"end":{"line":121,"column":3}},"line":99},"9":{"name":"(anonymous_9)","decl":{"start":{"line":123,"column":2},"end":{"line":123,"column":3}},"loc":{"start":{"line":123,"column":52},"end":{"line":143,"column":3}},"line":123},"10":{"name":"(anonymous_10)","decl":{"start":{"line":145,"column":2},"end":{"line":145,"column":3}},"loc":{"start":{"line":145,"column":58},"end":{"line":147,"column":3}},"line":145},"11":{"name":"(anonymous_11)","decl":{"start":{"line":149,"column":2},"end":{"line":149,"column":3}},"loc":{"start":{"line":149,"column":58},"end":{"line":160,"column":3}},"line":149},"12":{"name":"(anonymous_12)","decl":{"start":{"line":162,"column":2},"end":{"line":162,"column":3}},"loc":{"start":{"line":162,"column":39},"end":{"line":208,"column":3}},"line":162},"13":{"name":"(anonymous_13)","decl":{"start":{"line":201,"column":26},"end":{"line":201,"column":27}},"loc":{"start":{"line":201,"column":35},"end":{"line":205,"column":5}},"line":201},"14":{"name":"(anonymous_14)","decl":{"start":{"line":211,"column":2},"end":{"line":211,"column":3}},"loc":{"start":{"line":211,"column":51},"end":{"line":223,"column":3}},"line":211},"15":{"name":"(anonymous_15)","decl":{"start":{"line":225,"column":2},"end":{"line":225,"column":3}},"loc":{"start":{"line":231,"column":4},"end":{"line":307,"column":3}},"line":231},"16":{"name":"(anonymous_16)","decl":{"start":{"line":250,"column":48},"end":{"line":250,"column":49}},"loc":{"start":{"line":250,"column":60},"end":{"line":258,"column":7}},"line":250},"17":{"name":"(anonymous_17)","decl":{"start":{"line":261,"column":27},"end":{"line":261,"column":28}},"loc":{"start":{"line":261,"column":37},"end":{"line":266,"column":7}},"line":261},"18":{"name":"(anonymous_18)","decl":{"start":{"line":272,"column":35},"end":{"line":272,"column":36}},"loc":{"start":{"line":273,"column":10},"end":{"line":273,"column":42}},"line":273},"19":{"name":"(anonymous_19)","decl":{"start":{"line":302,"column":29},"end":{"line":302,"column":30}},"loc":{"start":{"line":302,"column":41},"end":{"line":302,"column":73}},"line":302}},"branchMap":{"0":{"loc":{"start":{"line":49,"column":4},"end":{"line":51,"column":5}},"type":"if","locations":[{"start":{"line":49,"column":4},"end":{"line":51,"column":5}},{"start":{},"end":{}}],"line":49},"1":{"loc":{"start":{"line":49,"column":8},"end":{"line":49,"column":36}},"type":"binary-expr","locations":[{"start":{"line":49,"column":8},"end":{"line":49,"column":15}},{"start":{"line":49,"column":19},"end":{"line":49,"column":36}}],"line":49},"2":{"loc":{"start":{"line":52,"column":4},"end":{"line":54,"column":5}},"type":"if","locations":[{"start":{"line":52,"column":4},"end":{"line":54,"column":5}},{"start":{},"end":{}}],"line":52},"3":{"loc":{"start":{"line":58,"column":4},"end":{"line":60,"column":5}},"type":"if","locations":[{"start":{"line":58,"column":4},"end":{"line":60,"column":5}},{"start":{},"end":{}}],"line":58},"4":{"loc":{"start":{"line":58,"column":8},"end":{"line":58,"column":28}},"type":"binary-expr","locations":[{"start":{"line":58,"column":8},"end":{"line":58,"column":14}},{"start":{"line":58,"column":18},"end":{"line":58,"column":28}}],"line":58},"5":{"loc":{"start":{"line":61,"column":4},"end":{"line":63,"column":5}},"type":"if","locations":[{"start":{"line":61,"column":4},"end":{"line":63,"column":5}},{"start":{},"end":{}}],"line":61},"6":{"loc":{"start":{"line":67,"column":4},"end":{"line":71,"column":5}},"type":"if","locations":[{"start":{"line":67,"column":4},"end":{"line":71,"column":5}},{"start":{},"end":{}}],"line":67},"7":{"loc":{"start":{"line":75,"column":27},"end":{"line":77,"column":10}},"type":"cond-expr","locations":[{"start":{"line":76,"column":8},"end":{"line":76,"column":78}},{"start":{"line":77,"column":8},"end":{"line":77,"column":10}}],"line":75},"8":{"loc":{"start":{"line":79,"column":4},"end":{"line":81,"column":5}},"type":"if","locations":[{"start":{"line":79,"column":4},"end":{"line":81,"column":5}},{"start":{},"end":{}}],"line":79},"9":{"loc":{"start":{"line":87,"column":4},"end":{"line":89,"column":5}},"type":"if","locations":[{"start":{"line":87,"column":4},"end":{"line":89,"column":5}},{"start":{},"end":{}}],"line":87},"10":{"loc":{"start":{"line":90,"column":4},"end":{"line":95,"column":5}},"type":"if","locations":[{"start":{"line":90,"column":4},"end":{"line":95,"column":5}},{"start":{},"end":{}}],"line":90},"11":{"loc":{"start":{"line":101,"column":4},"end":{"line":108,"column":5}},"type":"if","locations":[{"start":{"line":101,"column":4},"end":{"line":108,"column":5}},{"start":{},"end":{}}],"line":101},"12":{"loc":{"start":{"line":111,"column":4},"end":{"line":118,"column":5}},"type":"if","locations":[{"start":{"line":111,"column":4},"end":{"line":118,"column":5}},{"start":{},"end":{}}],"line":111},"13":{"loc":{"start":{"line":124,"column":30},"end":{"line":126,"column":19}},"type":"cond-expr","locations":[{"start":{"line":125,"column":8},"end":{"line":125,"column":37}},{"start":{"line":126,"column":8},"end":{"line":126,"column":19}}],"line":124},"14":{"loc":{"start":{"line":133,"column":4},"end":{"line":140,"column":5}},"type":"if","locations":[{"start":{"line":133,"column":4},"end":{"line":140,"column":5}},{"start":{},"end":{}}],"line":133},"15":{"loc":{"start":{"line":137,"column":14},"end":{"line":137,"column":34}},"type":"binary-expr","locations":[{"start":{"line":137,"column":14},"end":{"line":137,"column":22}},{"start":{"line":137,"column":26},"end":{"line":137,"column":34}}],"line":137},"16":{"loc":{"start":{"line":150,"column":4},"end":{"line":159,"column":5}},"type":"if","locations":[{"start":{"line":150,"column":4},"end":{"line":159,"column":5}},{"start":{},"end":{}}],"line":150},"17":{"loc":{"start":{"line":150,"column":8},"end":{"line":150,"column":34}},"type":"binary-expr","locations":[{"start":{"line":150,"column":8},"end":{"line":150,"column":19}},{"start":{"line":150,"column":23},"end":{"line":150,"column":34}}],"line":150},"18":{"loc":{"start":{"line":153,"column":6},"end":{"line":155,"column":7}},"type":"if","locations":[{"start":{"line":153,"column":6},"end":{"line":155,"column":7}},{"start":{},"end":{}}],"line":153},"19":{"loc":{"start":{"line":156,"column":6},"end":{"line":158,"column":7}},"type":"if","locations":[{"start":{"line":156,"column":6},"end":{"line":158,"column":7}},{"start":{},"end":{}}],"line":156},"20":{"loc":{"start":{"line":180,"column":4},"end":{"line":182,"column":5}},"type":"if","locations":[{"start":{"line":180,"column":4},"end":{"line":182,"column":5}},{"start":{},"end":{}}],"line":180},"21":{"loc":{"start":{"line":180,"column":8},"end":{"line":180,"column":52}},"type":"binary-expr","locations":[{"start":{"line":180,"column":8},"end":{"line":180,"column":30}},{"start":{"line":180,"column":34},"end":{"line":180,"column":52}}],"line":180},"22":{"loc":{"start":{"line":183,"column":4},"end":{"line":185,"column":5}},"type":"if","locations":[{"start":{"line":183,"column":4},"end":{"line":185,"column":5}},{"start":{},"end":{}}],"line":183},"23":{"loc":{"start":{"line":183,"column":8},"end":{"line":183,"column":60}},"type":"binary-expr","locations":[{"start":{"line":183,"column":8},"end":{"line":183,"column":34}},{"start":{"line":183,"column":38},"end":{"line":183,"column":60}}],"line":183},"24":{"loc":{"start":{"line":188,"column":4},"end":{"line":190,"column":5}},"type":"if","locations":[{"start":{"line":188,"column":4},"end":{"line":190,"column":5}},{"start":{},"end":{}}],"line":188},"25":{"loc":{"start":{"line":202,"column":6},"end":{"line":204,"column":7}},"type":"if","locations":[{"start":{"line":202,"column":6},"end":{"line":204,"column":7}},{"start":{},"end":{}}],"line":202},"26":{"loc":{"start":{"line":234,"column":12},"end":{"line":234,"column":20}},"type":"default-arg","locations":[{"start":{"line":234,"column":19},"end":{"line":234,"column":20}}],"line":234},"27":{"loc":{"start":{"line":234,"column":22},"end":{"line":234,"column":32}},"type":"default-arg","locations":[{"start":{"line":234,"column":30},"end":{"line":234,"column":32}}],"line":234},"28":{"loc":{"start":{"line":234,"column":34},"end":{"line":234,"column":51}},"type":"default-arg","locations":[{"start":{"line":234,"column":44},"end":{"line":234,"column":51}}],"line":234},"29":{"loc":{"start":{"line":237,"column":4},"end":{"line":281,"column":5}},"type":"if","locations":[{"start":{"line":237,"column":4},"end":{"line":281,"column":5}},{"start":{},"end":{}}],"line":237},"30":{"loc":{"start":{"line":237,"column":8},"end":{"line":237,"column":52}},"type":"binary-expr","locations":[{"start":{"line":237,"column":8},"end":{"line":237,"column":19}},{"start":{"line":237,"column":23},"end":{"line":237,"column":34}},{"start":{"line":237,"column":38},"end":{"line":237,"column":52}}],"line":237},"31":{"loc":{"start":{"line":262,"column":8},"end":{"line":264,"column":9}},"type":"if","locations":[{"start":{"line":262,"column":8},"end":{"line":264,"column":9}},{"start":{},"end":{}}],"line":262},"32":{"loc":{"start":{"line":293,"column":10},"end":{"line":293,"column":57}},"type":"cond-expr","locations":[{"start":{"line":293,"column":36},"end":{"line":293,"column":47}},{"start":{"line":293,"column":50},"end":{"line":293,"column":57}}],"line":293},"33":{"loc":{"start":{"line":294,"column":10},"end":{"line":294,"column":50}},"type":"cond-expr","locations":[{"start":{"line":294,"column":36},"end":{"line":294,"column":42}},{"start":{"line":294,"column":45},"end":{"line":294,"column":50}}],"line":294}},"s":{"0":13,"1":9,"2":5,"3":3,"4":3,"5":0,"6":0,"7":0,"8":13,"9":3,"10":10,"11":1,"12":9,"13":3,"14":6,"15":1,"16":5,"17":2,"18":3,"19":0,"20":3,"21":0,"22":3,"23":3,"24":3,"25":0,"26":0,"27":0,"28":0,"29":3,"30":3,"31":0,"32":3,"33":3,"34":0,"35":3,"36":0,"37":0,"38":0,"39":0,"40":0,"41":0,"42":0,"43":0,"44":0,"45":0,"46":0,"47":0,"48":0,"49":0,"50":0,"51":0,"52":0,"53":0,"54":0,"55":0,"56":0,"57":0,"58":0,"59":0,"60":0,"61":0,"62":0,"63":0,"64":0,"65":0,"66":0,"67":0,"68":0,"69":0,"70":0,"71":0,"72":0,"73":0,"74":0,"75":0,"76":0,"77":0,"78":0,"79":0,"80":0,"81":0,"82":0,"83":0,"84":0,"85":0,"86":0,"87":0,"88":0},"f":{"0":13,"1":13,"2":9,"3":5,"4":3,"5":0,"6":3,"7":0,"8":3,"9":0,"10":0,"11":0,"12":0,"13":0,"14":0,"15":0,"16":0,"17":0,"18":0,"19":0},"b":{"0":[3,10],"1":[13,11],"2":[1,9],"3":[3,6],"4":[9,7],"5":[1,5],"6":[2,3],"7":[0,3],"8":[0,3],"9":[3,0],"10":[0,0],"11":[0,3],"12":[0,3],"13":[0,0],"14":[0,0],"15":[0,0],"16":[0,0],"17":[0,0],"18":[0,0],"19":[0,0],"20":[0,0],"21":[0,0],"22":[0,0],"23":[0,0],"24":[0,0],"25":[0,0],"26":[0],"27":[0],"28":[0],"29":[0,0],"30":[0,0,0],"31":[0,0],"32":[0,0],"33":[0,0]},"_coverageSchema":"1a1c01bbd47fc00a2c39e90264f33305004495a9","hash":"ebedaec28c68f3ccf660a9297082df94af832c14"}
,"/mnt/c/Users/PlayXtreme/Desktop/Uni/PROGETTI/Ingegneria/DietiRealEstates25/DietiRealEstates25/server/services/ImageService.js": {"path":"/mnt/c/Users/PlayXtreme/Desktop/Uni/PROGETTI/Ingegneria/DietiRealEstates25/DietiRealEstates25/server/services/ImageService.js","statementMap":{"0":{"start":{"line":5,"column":4},"end":{"line":7,"column":5}},"1":{"start":{"line":6,"column":6},"end":{"line":6,"column":54}},"2":{"start":{"line":9,"column":4},"end":{"line":24,"column":7}},"3":{"start":{"line":10,"column":6},"end":{"line":23,"column":26}},"4":{"start":{"line":17,"column":12},"end":{"line":19,"column":13}},"5":{"start":{"line":18,"column":14},"end":{"line":18,"column":35}},"6":{"start":{"line":20,"column":12},"end":{"line":20,"column":39}}},"fnMap":{"0":{"name":"(anonymous_0)","decl":{"start":{"line":4,"column":2},"end":{"line":4,"column":3}},"loc":{"start":{"line":4,"column":33},"end":{"line":25,"column":3}},"line":4},"1":{"name":"(anonymous_1)","decl":{"start":{"line":9,"column":23},"end":{"line":9,"column":24}},"loc":{"start":{"line":9,"column":44},"end":{"line":24,"column":5}},"line":9},"2":{"name":"(anonymous_2)","decl":{"start":{"line":16,"column":10},"end":{"line":16,"column":11}},"loc":{"start":{"line":16,"column":29},"end":{"line":21,"column":11}},"line":16}},"branchMap":{"0":{"loc":{"start":{"line":5,"column":4},"end":{"line":7,"column":5}},"type":"if","locations":[{"start":{"line":5,"column":4},"end":{"line":7,"column":5}},{"start":{},"end":{}}],"line":5},"1":{"loc":{"start":{"line":17,"column":12},"end":{"line":19,"column":13}},"type":"if","locations":[{"start":{"line":17,"column":12},"end":{"line":19,"column":13}},{"start":{},"end":{}}],"line":17}},"s":{"0":0,"1":0,"2":0,"3":0,"4":0,"5":0,"6":0},"f":{"0":0,"1":0,"2":0},"b":{"0":[0,0],"1":[0,0]},"_coverageSchema":"1a1c01bbd47fc00a2c39e90264f33305004495a9","hash":"3c349d5fdd6db6fdc64c1d18d5b726a0d71ff28d"}
,"/mnt/c/Users/PlayXtreme/Desktop/Uni/PROGETTI/Ingegneria/DietiRealEstates25/DietiRealEstates25/server/services/OfferService.js": {"path":"/mnt/c/Users/PlayXtreme/Desktop/Uni/PROGETTI/Ingegneria/DietiRealEstates25/DietiRealEstates25/server/services/OfferService.js","statementMap":{"0":{"start":{"line":3,"column":4},"end":{"line":5,"column":5}},"1":{"start":{"line":4,"column":6},"end":{"line":4,"column":41}},"2":{"start":{"line":6,"column":19},"end":{"line":6,"column":62}},"3":{"start":{"line":7,"column":4},"end":{"line":9,"column":5}},"4":{"start":{"line":8,"column":6},"end":{"line":8,"column":46}},"5":{"start":{"line":10,"column":4},"end":{"line":12,"column":5}},"6":{"start":{"line":11,"column":6},"end":{"line":11,"column":65}},"7":{"start":{"line":13,"column":4},"end":{"line":15,"column":5}},"8":{"start":{"line":14,"column":6},"end":{"line":14,"column":46}},"9":{"start":{"line":17,"column":21},"end":{"line":24,"column":6}},"10":{"start":{"line":25,"column":4},"end":{"line":25,"column":20}},"11":{"start":{"line":35,"column":18},"end":{"line":35,"column":47}},"12":{"start":{"line":36,"column":4},"end":{"line":38,"column":5}},"13":{"start":{"line":37,"column":6},"end":{"line":37,"column":41}},"14":{"start":{"line":39,"column":19},"end":{"line":39,"column":64}},"15":{"start":{"line":40,"column":4},"end":{"line":42,"column":5}},"16":{"start":{"line":41,"column":6},"end":{"line":41,"column":46}},"17":{"start":{"line":43,"column":4},"end":{"line":45,"column":5}},"18":{"start":{"line":44,"column":6},"end":{"line":44,"column":71}},"19":{"start":{"line":46,"column":4},"end":{"line":48,"column":5}},"20":{"start":{"line":47,"column":6},"end":{"line":47,"column":58}},"21":{"start":{"line":49,"column":4},"end":{"line":51,"column":5}},"22":{"start":{"line":50,"column":6},"end":{"line":50,"column":54}},"23":{"start":{"line":52,"column":4},"end":{"line":54,"column":5}},"24":{"start":{"line":53,"column":6},"end":{"line":53,"column":78}},"25":{"start":{"line":55,"column":4},"end":{"line":58,"column":7}},"26":{"start":{"line":60,"column":4},"end":{"line":60,"column":17}},"27":{"start":{"line":70,"column":18},"end":{"line":70,"column":47}},"28":{"start":{"line":71,"column":4},"end":{"line":73,"column":5}},"29":{"start":{"line":72,"column":6},"end":{"line":72,"column":41}},"30":{"start":{"line":74,"column":4},"end":{"line":76,"column":5}},"31":{"start":{"line":75,"column":6},"end":{"line":75,"column":68}},"32":{"start":{"line":77,"column":4},"end":{"line":79,"column":5}},"33":{"start":{"line":78,"column":6},"end":{"line":78,"column":74}},"34":{"start":{"line":80,"column":4},"end":{"line":84,"column":5}},"35":{"start":{"line":81,"column":6},"end":{"line":83,"column":8}},"3
[...]
ine":123,"column":4},"end":{"line":123,"column":17}},"52":{"start":{"line":127,"column":19},"end":{"line":127,"column":62}},"53":{"start":{"line":128,"column":4},"end":{"line":130,"column":5}},"54":{"start":{"line":129,"column":6},"end":{"line":129,"column":46}},"55":{"start":{"line":132,"column":4},"end":{"line":134,"column":5}},"56":{"start":{"line":133,"column":6},"end":{"line":133,"column":71}},"57":{"start":{"line":136,"column":4},"end":{"line":138,"column":5}},"58":{"start":{"line":137,"column":6},"end":{"line":137,"column":46}},"59":{"start":{"line":141,"column":21},"end":{"line":148,"column":6}},"60":{"start":{"line":149,"column":4},"end":{"line":149,"column":20}},"61":{"start":{"line":153,"column":19},"end":{"line":156,"column":6}},"62":{"start":{"line":157,"column":4},"end":{"line":157,"column":18}},"63":{"start":{"line":161,"column":4},"end":{"line":163,"column":5}},"64":{"start":{"line":162,"column":6},"end":{"line":162,"column":47}},"65":{"start":{"line":164,"column":19},"end":{"line":168,"column":6}},"66":{"start":{"line":169,"column":4},"end":{"line":171,"column":5}},"67":{"start":{"line":170,"column":6},"end":{"line":170,"column":51}},"68":{"start":{"line":172,"column":4},"end":{"line":172,"column":18}},"69":{"start":{"line":176,"column":19},"end":{"line":191,"column":6}},"70":{"start":{"line":192,"column":4},"end":{"line":192,"column":18}}},"fnMap":{"0":{"name":"(anonymous_0)","decl":{"start":{"line":2,"column":2},"end":{"line":2,"column":3}},"loc":{"start":{"line":2,"column":59},"end":{"line":26,"column":3}},"line":2},"1":{"name":"(anonymous_1)","decl":{"start":{"line":28,"column":2},"end":{"line":28,"column":3}},"loc":{"start":{"line":34,"column":4},"end":{"line":61,"column":3}},"line":34},"2":{"name":"(anonymous_2)","decl":{"start":{"line":63,"column":2},"end":{"line":63,"column":3}},"loc":{"start":{"line":69,"column":4},"end":{"line":87,"column":3}},"line":69},"3":{"name":"(anonymous_3)","decl":{"start":{"line":92,"column":2},"end":{"line":92,"column":3}},"loc":{"start":{"line":98,"column":4},"end":{"line":124,"column":3}},"line":98},"4":{"name":"(anonymous_4)","decl":{"start":{"line":126,"column":2},"end":{"line":126,"column":3}},"loc":{"start":{"line":126,"column":67},"end":{"line":150,"column":3}},"line":126},"5":{"name":"(anonymous_5)","decl":{"start":{"line":152,"column":2},"end":{"line":152,"column":3}},"loc":{"start":{"line":152,"column":66},"end":{"line":158,"column":3}},"line":152},"6":{"name":"(anonymous_6)","decl":{"start":{"line":160,"column":2},"end":{"line":160,"column":3}},"loc":{"start":{"line":160,"column":48},"end":{"line":173,"column":3}},"line":160},"7":{"name":"(anonymous_7)","decl":{"start":{"line":175,"column":2},"end":{"line":175,"column":3}},"loc":{"start":{"line":175,"column":78},"end":{"line":193,"column":3}},"line":175}},"branchMap":{"0":{"loc":{"start":{"line":3,"column":4},"end":{"line":5,"column":5}},"type":"if","locations":[{"start":{"line":3,"column":4},"end":{"line":5,"column":5}},{"start":{},"end":{}}],"line":3},"1":{"loc":{"start":{"line":3,"column":8},"end":{"line":3,"column":37}},"type":"binary-expr","locations":[{"start":{"line":3,"column":8},"end":{"line":3,"column":22}},{"start":{"line":3,"column":26},"end":{"line":3,"column":37}}],"line":3},"2":{"loc":{"start":{"line":7,"column":4},"end":{"line":9,"column":5}},"type":"if","locations":[{"start":{"line":7,"column":4},"end":{"line":9,"column":5}},{"start":{},"end":{}}],"line":7},"3":{"loc":{"start":{"line":10,"column":4},"end":{"line":12,"column":5}},"type":"if","locations":[{"start":{"line":10,"column":4},"end":{"line":12,"column":5}},{"start":{},"end":{}}],"line":10},"4":{"loc":{"start":{"line":10,"column":8},"end":{"line":10,"column":64}},"type":"binary-expr","locations":[{"start":{"line":10,"column":8},"end":{"line":10,"column":33}},{"start":{"line":10,"column":37},"end":{"line":10,"column":64}}],"line":10},"5":{"loc":{"start":{"line":13,"column":4},"end":{"line":15,"column":5}},"type":"if","locations":[{"start":{"line":13,"column":4},"end":{"line":15,"column":5}},{"start":{},"end":{}}],"line":13},"6":{"loc":{"start":{"line":13,"column":8},"end":{"line":13,"column":52}},"type":"binary-expr","locations":[{"start":{"line":13,"column":8},"end":{"line":13,"column":23}},{"start":{"line":13,"column":27},"end":{"line":13,"column":52}}],"line":13},"7":{"loc":{"start":{"line":36,"column":4},"end":{"line":38,"column":5}},"type":"if","locations":[{"start":{"line":36,"column":4},"end":{"line":38,"column":5}},{"start":{},"end":{}}],"line":36},"8":{"loc":{"start":{"line":40,"column":4},"end":{"line":42,"column":5}},"type":"if","locations":[{"start":{"line":40,"column":4},"end":{"line":42,"column":5}},{"start":{},"end":{}}],"line":40},"9":{"loc":{"start":{"line":43,"column":4},"end":{"line":45,"column":5}},"type":"if","locations":[{"start":{"line":43,"column":4},"end":{"line":45,"column":5}},{"start":{},"end":{}}],"line":43},"10":{"loc":{"start":{"line":43,"column":8},"end":{"line":43,"column":64}},"type":"binary-expr","locations":[{"start":{"line":43,"column":8},"end":{"line":43,"column":33}},{"start":{"line":43,"column":37},"end":{"line":43,"column":64}}],"line":43},"11":{"loc":{"start":{"line":46,"column":4},"end":{"line":48,"column":5}},"type":"if","locations":[{"start":{"line":46,"column":4},"end":{"line":48,"column":5}},{"start":{},"end":{}}],"line":46},"12":{"loc":{"start":{"line":49,"column":4},"end":{"line":51,"column":5}},"type":"if","locations":[{"start":{"line":49,"column":4},"end":{"line":51,"column":5}},{"start":{},"end":{}}],"line":49},"13":{"loc":{"start":{"line":49,"column":8},"end":{"line":49,"column":58}},"type":"binary-expr","locations":[{"start":{"line":49,"column":8},"end":{"line":49,"column":26}},{"start":{"line":49,"column":30},"end":{"line":49,"column":58}}],"line":49},"14":{"loc":{"start":{"line":52,"column":4},"end":{"line":54,"column":5}},"type":"if","locations":[{"start":{"line":52,"column":4},"end":{"line":54,"column":5}},{"start":{},"end":{}}],"line":52},"15":{"loc":{"start":{"line":71,"column":4},"end":{"line":73,"column":5}},"type":"if","locations":[{"start":{"line":71,"column":4},"end":{"line":73,"column":5}},{"start":{},"end":{}}],"line":71},"16":{"loc":{"start":{"line":74,"column":4},"end":{"line":76,"column":5}},"type":"if","locations":[{"start":{"line":74,"column":4},"end":{"line":76,"column":5}},{"start":{},"end":{}}],"line":74},"17":{"loc":{"start":{"line":77,"column":4},"end":{"line":79,"column":5}},"type":"if","locations":[{"start":{"line":77,"column":4},"end":{"line":79,"column":5}},{"start":{},"end":{}}],"line":77},"18":{"loc":{"start":{"line":80,"column":4},"end":{"line":84,"column":5}},"type":"if","locations":[{"start":{"line":80,"column":4},"end":{"line":84,"column":5}},{"start":{},"end":{}}],"line":80},"19":{"loc":{"start":{"line":100,"column":4},"end":{"line":102,"column":5}},"type":"if","locations":[{"start":{"line":100,"column":4},"end":{"line":102,"column":5}},{"start":{},"end":{}}],"line":100},"20":{"loc":{"start":{"line":105,"column":4},"end":{"line":107,"column":5}},"type":"if","locations":[{"start":{"line":105,"column":4},"end":{"line":107,"column":5}},{"start":{},"end":{}}],"line":105},"21":{"loc":{"start":{"line":110,"column":4},"end":{"line":112,"column":5}},"type":"if","locations":[{"start":{"line":110,"column":4},"end":{"line":112,"column":5}},{"start":{},"end":{}}],"line":110},"22":{"loc":{"start":{"line":114,"column":4},"end":{"line":116,"column":5}},"type":"if","locations":[{"start":{"line":114,"column":4},"end":{"line":116,"column":5}},{"start":{},"end":{}}],"line":114},"23":{"loc":{"start":{"line":114,"column":8},"end":{"line":114,"column":64}},"type":"binary-expr","locations":[{"start":{"line":114,"column":8},"end":{"line":114,"column":33}},{"start":{"line":114,"column":37},"end":{"line":114,"column":64}}],"line":114},"24":{"loc":{"start":{"line":118,"column":4},"end":{"line":120,"column":5}},"type":"if","locations":[{"start":{"line":118,"column":4},"end":{"line":120,"column":5}},{"start":{},"end":{}}],"line":118},"25":{"loc":{"start":{"line":128,"column":4},"end":{"line":130,"column":5}},"type":"if","locations":[{"start":{"line":128,"column":4},"end":{"line":130,"column":5}},{"start":{},"end":{}}],"line":128},"26":{"loc":{"start":{"line":132,"column":4},"end":{"line":134,"column":5}},"type":"if","locations":[{"start":{"line":132,"column":4},"end":{"line":134,"column":5}},{"start":{},"end":{}}],"line":132},"27":{"loc":{"start":{"line":132,"column":8},"end":{"line":132,"column":64}},"type":"binary-expr","locations":[{"start":{"line":132,"column":8},"end":{"line":132,"column":33}},{"start":{"line":132,"column":37},"end":{"line":132,"column":64}}],"line":132},"28":{"loc":{"start":{"line":136,"column":4},"end":{"line":138,"column":5}},"type":"if","locations":[{"start":{"line":136,"column":4},"end":{"line":138,"column":5}},{"start":{},"end":{}}],"line":136},"29":{"loc":{"start":{"line":136,"column":8},"end":{"line":136,"column":52}},"type":"binary-expr","locations":[{"start":{"line":136,"column":8},"end":{"line":136,"column":23}},{"start":{"line":136,"column":27},"end":{"line":136,"column":52}}],"line":136},"30":{"loc":{"start":{"line":161,"column":4},"end":{"line":163,"column":5}},"type":"if","locations":[{"start":{"line":161,"column":4},"end":{"line":163,"column":5}},{"start":{},"end":{}}],"line":161},"31":{"loc":{"start":{"line":161,"column":8},"end":{"line":161,"column":64}},"type":"binary-expr","locations":[{"start":{"line":161,"column":8},"end":{"line":161,"column":13}},{"start":{"line":161,"column":17},"end":{"line":161,"column":41}},{"start":{"line":161,"column":45},"end":{"line":161,"column":64}}],"line":161},"32":{"loc":{"start":{"line":169,"column":4},"end":{"line":171,"column":5}},"type":"if","locations":[{"start":{"line":169,"column":4},"end":{"line":171,"column":5}},{"start":{},"end":{}}],"line":169},"33":{"loc":{"start":{"line":169,"column":8},"end":{"line":169,"column":73}},"type":"binary-expr","locations":[{"start":{"line":169,"column":8},"end":{"line":169,"column":23}},{"start":{"line":169,"column":27},"end":{"line":169,"column":47}},{"start":{"line":169,"column":51},"end":{"line":169,"column":73}}],"line":169}},"s":{"0":24,"1":6,"2":18,"3":18,"4":2,"5":16,"6":4,"7":12,"8":6,"9":6,"10":6,"11":22,"12":22,"13":2,"14":20,"15":20,"16":2,"17":18,"18":2,"19":16,"20":2,"21":14,"22":6,"23":8,"24":4,"25":4,"26":4,"27":12,"28":12,"29":2,"30":10,"31":2,"32":8,"33":2,"34":6,"35":2,"36":4,"37":4,"38":0,"39":0,"40":0,"41":0,"42":0,"43":0,"44":0,"45":0,"46":0,"47":0,"48":0,"49":0,"50":0,"51":0,"52":12,"53":12,"54":2,"55":10,"56":2,"57":8,"58":4,"59":4,"60":4,"61":2,"62":2,"63":9,"64":2,"65":7,"66":7,"67":4,"68":3,"69":2,"70":2},"f":{"0":24,"1":22,"2":12,"3":0,"4":12,"5":2,"6":9,"7":2},"b":{"0":[6,18],"1":[24,22],"2":[2,16],"3":[4,12],"4":[16,14],"5":[6,6],"6":[12,8],"7":[2,20],"8":[2,18],"9":[2,16],"10":[18,4],"11":[2,14],"12":[6,8],"13":[14,10],"14":[4,4],"15":[2,10],"16":[2,8],"17":[2,6],"18":[2,4],"19":[0,0],"20":[0,0],"21":[0,0],"22":[0,0],"23":[0,0],"24":[0,0],"25":[2,10],"26":[2,8],"27":[10,4],"28":[4,4],"29":[8,6],"30":[2,7],"31":[9,7,7],"32":[4,3],"33":[7,6,4]},"_coverageSchema":"1a1c01bbd47fc00a2c39e90264f33305004495a9","hash":"932a153741992e60a03fb8bf41555dda54b6c95d"}
,"/mnt/c/Users/PlayXtreme/Desktop/Uni/PROGETTI/Ingegneria/DietiRealEstates25/DietiRealEstates25/server/services/UserService.js": {"path":"/mnt/c/Users/PlayXtreme/Desktop/Uni/PROGETTI/Ingegneria/DietiRealEstates25/DietiRealEstates25/server/services/UserService.js","statementMap":{"0":{"start":{"line":7,"column":4},"end":{"line":9,"column":5}},"1":{"start":{"line":8,"column":6},"end":{"line":8,"column":50}},"2":{"start":{"line":11,"column":4},"end":{"line":11,"column":63}},"3":{"start":{"line":15,"column":17},"end":{"line":15,"column":44}},"4":{"start":{"line":17,"column":4},"end":{"line":19,"column":5}},"5":{"start":{"line":18,"column":6},"end":{"line":18,"column":40}},"6":{"start":{"line":22,"column":21},"end":{"line":22,"column":62}},"7":{"start":{"line":23,"column":30},"end":{"line":23,"column":47}},"8":{"start":{"line":25,"column":4},"end":{"line":27,"column":5}},"9":{"start":{"line":26,"column":6},"end":{"line":26,"column":51}},"10":{"start":{"line":29,"column":4},"end":{"line":39,"column":5}},"11":{"start":{"line":38,"column":6},"end":{"line":38,"column":46}},"12":{"start":{"line":41,"column":4},"end":{"line":43,"column":5}},"13":{"start":{"line":42,"column":6},"end":{"line":42,"column":59}},"14":{"start":{"line":46,"column":4},"end":{"line":46,"column":36}},"15":{"start":{"line":47,"column":4},"end":{"line":47,"column":22}},"16":{"start":{"line":49,"column":4},"end":{"line":49,"column":56}},"17":{"start":{"line":53,"column":4},"end":{"line":55,"column":7}},"18":{"start":{"line":59,"column":4},"end":{"line":62,"column":7}},"19":{"start":{"line":66,"column":4},"end":{"line":68,"column":7}},"20":{"start":{"line":72,"column":25},"end":{"line":74,"column":6}},"21":{"start":{"line":76,"column":4},"end":{"line":80,"column":5}},"22":{"start":{"line":77,"column":6},"end":{"line":79,"column":8}},"23":{"start":{"line":82,"column":30},"end":{"line":82,"column":51}},"24":{"start":{"line":84,"column":20},"end":{"line":90,"column":6}},"25":{"start":{"line":92,"column":4},"end":{"line":94,"column":7}},"26":{"start":{"line":96,"column":4},"end":{"line":102,"column":6}},"27":{"start":{"line":104,"column":4},"end":{"line":111,"column":6}},"28":{"start":{"line":114,"column":17},"end":{"line":114,"column":44}},"29":{"start":{"line":116,"column":4},"end":{"line":118,"column":5}},"30":{"start":{"line":117,"column":6},"end":{"line":117,"column":40}},"31":{"start":{"line":120,"column":19},"end":{"line":120,"column":23}},"32":{"start":{"line":122,"column":4},"end":{"line":144,"column":5}},"33":{"start":{"line":124,"column":20},"end":{"line":124,"column":48}},"34":{"start":{"line":126,"column":6},"end":{"line":129,"column":7}},"35":{"start":{"line":127,"column":8},"end":{"line":127,"column":66}},"36":{"start":{"line":128,"column":8},"end":{"line":128,"column":64}},"37":{"start":{"line":131,"column":6},"end":{"line":131,"column":32}},"38":{"start":{"line":132,"column":11},"end":{"line":144,"column":5}},"39":{"start":{"line":134,"column":22},"end":{"line":134,"column":52}},"40":{"start":{"line":136,"column":6},"end":{"line":139,"column":7}},"41":{"start":{"line":137,"column":8},"end":{"line":137,"column":70}},"42":{"start":{"line":138,"column":8},"end":{"line":138,"column":66}},"43":{"start":{"line":141,"column":6},"end":{"line":141,"column":34}},"44":{"start":{"line":143,"column":6},"end":{"line":143,"column":77}},"45":{"start":{"line":146,"column":4},"end":{"line":148,"column":5}},"46":{"start":{"line":147,"column":6},"end":{"line":147,"column":45}},"47":{"start":{"line":150,"column":4},"end":{"line":150,"column":20}}},"fnMap":{"0":{"name":"(anonymous_0)","decl":{"start":{"line":6,"column":2},"end":{"line":6,"column":3}},"loc":{"start":{"line":6,"column":32},"end":{"line":12,"column":3}},"line":6},"1":{"name":"(anonymous_1)","decl":{"start":{"line":14,"column":2},"end":{"line":14,"column":3}},"loc":{"start":{"line":14,"column":49},"end":{"line":50,"column":3}},"line":14},"2":{"name":"(anonymous_2)","decl":{"start":{"line":52,"column":2},"end":{"line":52,"column":3}},"loc":{"start":{"line":52,"column":33},"end":{"line":56,"column":3}},"line":52},"3":{"name":"(anonymous_3)","decl":{"start":{"line":58,"column":2},"end":{"line":58,"column":3}},"loc":{"start":{"line":58,"column":35},"end":{"line":63,"column":3}},"line":58},"4":{"name":"(anonymous_4)","decl":{"start":{"line":65,"column":2},"end":{"line":65,"column":3}},"loc":{"start":{"line":65,"column":41},"end":{"line":69,"column":3}},"line":65},"5":{"name":"(anonymous_5)","decl":{"start":{"line":71,"column":2},"end":{"line":71,"column":3}},"loc":{"start":{"line":71,"column":45},"end":{"line":112,"column":3}},"line":71},"6":{"name":"(anonymous_6)","decl":{"start":{"line":113,"column":2},"end":{"line":113,"column":3}},"loc":{"start":{"line":113,"column":61},"end":{"line":151,"column":3}},"line":113}},"branchMap":{"0":{"loc":{"start":{"line":7,"column":4},"end":{"line":9,"column":5}},"type":"if","locations":[{"start":{"line":7,"column":4},"end":{"line":9,"column":5}},{"start":{},"end":{}}],"line":7},"1":{"loc":{"start":{"line":17,"column":4},"end":{"line":19,"column":5}},"type":"if","locations":[{"start":{"line":17,"column":4},"end":{"line":19,"column":5}},{"start":{},"end":{}}],"line":17},"2":{"loc":{"start":{"line":25,"column":4},"end":{"line":27,"column":5}},"type":"if","locations":[{"start":{"line":25,"column":4},"end":{"line":27,"column":5}},{"start":{},"end":{}}],"line":25},"3":{"loc":{"start":{"line":29,"column":4},"end":{"line":39,"column":5}},"type":"if","locations":[{"start":{"line":29,"column":4},"end":{"line":39,"column":5}},{"start":{},"end":{}}],"line":29},"4":{"loc":{"start":{"line":30,"column":6},"end":{"line":36,"column":43}},"type":"binary-expr","locations":[{"start":{"line":30,"column":6},"end":{"line":30,"column":23}},{"start":{"line":31,"column":6},"end":{"line":31,"column":41}},{"start":{"line":32,"column":6},"end":{"line":32,"column":32}},{"start":{"line":33,"column":6},"end":{"line":33,"column":36}},{"start":{"line":34,"column":6},"end":{"line":34,"column":36}},{"start":{"line":35,"column":6},"end":{"line":35,"column":33}},{"start":{"line":36,"column":6},"end":{"line":36,"column":43}}],"line":30},"5":{"loc":{"start":{"line":41,"column":4},"end":{"line":43,"column":5}},"type":"if","locations":[{"start":{"line":41,"column":4},"end":{"line":43,"column":5}},{"start":{},"end":{}}],"line":41},"6":{"loc":{"start":{"line":41,"column":8},"end":{"line":41,"column":63}},"type":"binary-expr","locations":[{"start":{"line":41,"column":8},"end":{"line":41,"column":31}},{"start":{"line":41,"column":35},"end":{"line":41,"column":63}}],"line":41},"7":{"loc":{"start":{"line":76,"column":4},"end":{"line":80,"column":5}},"type":"if","locations":[{"start":{"line":76,"column":4},"end":{"line":80,"column":5}},{"start":{},"end":{}}],"line":76},"8":{"loc":{"start":{"line":116,"column":4},"end":{"line":118,"column":5}},"type":"if","locations":[{"start":{"line":116,"column":4},"end":{"line":118,"column":5}},{"start":{},"end":{}}],"line":116},"9":{"loc":{"start":{"line":122,"column":4},"end":{"line":144,"column":5}},"type":"if","locations":[{"start":{"line":122,"column":4},"end":{"line":144,"column":5}},{"start":{"line":132,"column":11},"end":{"line":144,"column":5}}],"line":122},"10":{"loc":{"start":{"line":126,"column":6},"end":{"line":129,"column":7}},"type":"if","locations":[{"start":{"line":126,"column":6},"end":{"line":129,"column":7}},{"start":{},"end":{}}],"line":126},"11":{"loc":{"start":{"line":132,"column":11},"end":{"line":144,"column":5}},"type":"if","locations":[{"start":{"line":132,"column":11},"end":{"line":144,"column":5}},{"start":{"line":142,"column":11},"end":{"line":144,"column":5}}],"line":132},"12":{"loc":{"start":{"line":136,"column":6},"end":{"line":139,"column":7}},"type":"if","locations":[{"start":{"line":136,"column":6},"end":{"line":139,"column":7}},{"start":{},"end":{}}],"line":136},"13":{"loc":{"start":{"line":146,"column":4},"end":{"line":148,"column":5}},"type":"if","locations":[{"start":{"line":146,"column":4},"end":{"line":148,"column":5}},{"start":{},"end":{}}],"line":146}},"s":{"0":0,"1":0,"2":0,"3":14,"4":14,"5":3,"6":11,"7":11,"8":11,"9":4,"10":7,"11":6,"12":1,"13":0,"14":1,"15":1,"16":1,"17":0,"18":0,"19":3,"20":0,"21":0,"22":0,"23":0,"24":0,"25":0,"26":0,"27":0,"28":0,"29":0,"30":0,"31":0,"32":0,"33":0,"34":0,"35":0,"36":0,"37":0,"38":0,"39":0,"40":0,"41":0,"42":0,"43":0,"44":0,"45":0,"46":0,"47":0},"f":{"0":0,"1":14,"2":0,"3":0,"4":3,"5":0,"6":0},"b":{"0":[0,0],"1":[3,11],"2":[4,7],"3":[6,1],"4":[7,6,6,5,4,3,2],"5":[0,1],"6":[1,1],"7":[0,0],"8":[0,0],"9":[0,0],"10":[0,0],"11":[0,0],"12":[0,0],"13":[0,0]},"_coverageSchema":"1a1c01bbd47fc00a2c39e90264f33305004495a9","hash":"3ec4fdd9d331ed6ecd201f759eab85ba8538f1cd"}
}
