TN:
SF:DTOs/AdminDTO.js
FN:2,(anonymous_0)
FNF:1
FNH:1
FNDA:3,(anonymous_0)
DA:3,3
DA:4,3
DA:5,3
LF:3
LH:3
BRF:0
BRH:0
end_of_record
TN:
SF:DTOs/AgencyDTO.js
FN:2,(anonymous_0)
FN:22,(anonymous_1)
FNF:2
FNH:2
FNDA:2,(anonymous_0)
FNDA:9,(anonymous_1)
DA:11,2
DA:12,2
DA:13,2
DA:14,2
DA:15,2
DA:16,2
DA:17,2
DA:33,9
DA:34,9
DA:35,9
DA:36,9
DA:37,9
DA:38,9
DA:39,9
DA:40,9
DA:41,9
LF:16
LH:16
BRF:0
BRH:0
end_of_record
TN:
SF:DTOs/AgentDTO.js
FN:2,(anonymous_0)
FNF:1
FNH:1
FNDA:3,(anonymous_0)
DA:3,3
DA:4,3
DA:5,3
LF:3
LH:3
BRF:0
BRH:0
end_of_record
TN:
SF:DTOs/EstateDTO.js
FN:2,(anonymous_0)
FNF:1
FNH:1
FNDA:2,(anonymous_0)
DA:18,2
DA:19,2
DA:20,2
DA:21,2
DA:22,2
DA:23,2
DA:24,2
DA:25,2
DA:26,2
DA:27,2
DA:28,2
DA:29,2
DA:30,2
DA:31,2
LF:14
LH:14
BRF:0
BRH:0
end_of_record
TN:
SF:DTOs/ManagerDTO.js
FN:2,(anonymous_0)
FNF:1
FNH:1
FNDA:2,(anonymous_0)
DA:3,2
DA:4,2
DA:5,2
DA:6,2
LF:4
LH:4
BRF:0
BRH:0
end_of_record
TN:
SF:DTOs/SearchFiltersDTO.js
FN:2,(anonymous_0)
FNF:1
FNH:1
FNDA:11,(anonymous_0)
DA:18,11
DA:19,11
DA:20,11
DA:21,11
DA:22,11
DA:23,11
DA:24,11
DA:25,11
DA:26,11
DA:27,11
DA:28,11
DA:29,11
DA:30,11
DA:31,11
LF:14
LH:14
BRDA:19,0,0,3
BRDA:19,0,1,8
BRDA:20,1,0,1
BRDA:20,1,1,10
BRDA:21,2,0,2
BRDA:21,2,1,9
BRDA:22,3,0,1
BRDA:22,3,1,10
BRDA:23,4,0,2
BRDA:23,4,1,9
BRDA:24,5,0,1
BRDA:24,5,1,10
BRDA:25,6,0,11
BRDA:25,6,1,10
BRDA:26,7,0,1
BRDA:26,7,1,10
BRDA:27,8,0,11
BRDA:27,8,1,10
BRDA:28,9,0,1
BRDA:28,9,1,10
BRDA:29,10,0,3
BRDA:29,10,1,8
BRDA:30,11,0,3
BRDA:30,11,1,8
BRDA:31,12,0,2
BRDA:31,12,1,9
BRF:26
BRH:26
end_of_record
TN:
SF:DTOs/UserDTO.js
FN:2,(anonymous_0)
FN:9,(anonymous_1)
FNF:2
FNH:1
FNDA:12,(anonymous_0)
FNDA:0,(anonymous_1)
DA:3,12
DA:4,12
DA:10,0
DA:11,0
DA:12,0
DA:13,0
DA:14,0
DA:15,0
LF:8
LH:2
BRF:0
BRH:0
end_of_record
TN:
SF:config/cloudinary.js
FNF:0
FNH:0
DA:4,3
DA:6,3
LF:2
LH:2
BRF:0
BRH:0
end_of_record
TN:
SF:config/geoapify.js
FN:3,geoCodeAddress
FN:30,getPOIs
FNF:2
FNH:0
FNDA:0,geoCodeAddress
FNDA:0,getPOIs
DA:4,0
DA:14,0
DA:15,0
DA:16,0
DA:19,0
DA:20,0
DA:22,0
DA:31,0
DA:39,0
LF:9
LH:0
BRDA:15,0,0,0
BRDA:15,0,1,0
BRF:2
BRH:0
end_of_record
TN:
SF:config/mailer.js
FN:16,sendMail
FN:32,(anonymous_1)
FNF:2
FNH:2
FNDA:1,sendMail
FNDA:1,(anonymous_1)
DA:4,7
DA:6,7
DA:17,1
DA:18,1
DA:26,0
DA:27,0
DA:39,1
DA:45,1
DA:48,1
DA:49,1
DA:50,0
DA:53,1
DA:55,1
DA:71,1
DA:86,1
LF:15
LH:12
BRDA:8,0,0,7
BRDA:8,0,1,0
BRDA:37,1,0,0
BRDA:45,2,0,1
BRDA:45,2,1,0
BRDA:49,3,0,0
BRDA:49,3,1,1
BRDA:49,4,0,1
BRDA:49,4,1,0
BRF:9
BRH:4
end_of_record
TN:
SF:controllers/AgentController.js
FN:6,(anonymous_0)
FNF:1
FNH:1
FNDA:5,(anonymous_0)
DA:7,5
DA:8,5
DA:9,5
DA:11,5
DA:18,2
DA:20,2
DA:22,3
DA:23,1
DA:25,3
LF:9
LH:9
BRDA:22,0,0,1
BRDA:22,0,1,2
BRF:2
BRH:2
end_of_record
TN:
SF:controllers/UserController.js
FN:8,(anonymous_0)
FN:19,(anonymous_1)
FN:34,(anonymous_2)
FN:44,(anonymous_3)
FN:56,(anonymous_4)
FN:66,(anonymous_5)
FN:83,(anonymous_6)
FNF:7
FNH:7
FNDA:2,(anonymous_0)
FNDA:3,(anonymous_1)
FNDA:2,(anonymous_2)
FNDA:3,(anonymous_3)
FNDA:2,(anonymous_4)
FNDA:2,(anonymous_5)
FNDA:3,(anonymous_6)
DA:9,2
DA:10,2
DA:12,2
DA:13,1
DA:15,1
DA:20,3
DA:21,3
DA:23,2
DA:24,1
DA:27,1
DA:28,1
DA:30,1
DA:35,2
DA:36,2
DA:37,1
DA:38,1
DA:40,1
DA:45,3
DA:46,3
DA:47,3
DA:48,3
DA:49,2
DA:50,2
DA:52,1
DA:57,2
DA:58,2
DA:59,1
DA:60,1
DA:62,1
DA:67,2
DA:68,2
DA:70,2
DA:77,1
DA:79,1
DA:84,3
DA:85,3
DA:87,2
DA:88,1
DA:91,1
DA:92,1
DA:94,1
LF:41
LH:41
BRDA:23,0,0,1
BRDA:23,0,1,1
BRDA:46,1,0,3
BRDA:46,1,1,2
BRDA:87,2,0,1
BRDA:87,2,1,1
BRF:6
BRH:6
end_of_record
TN:
SF:mappers/AgencyMapper.js
FN:5,(anonymous_0)
FN:22,(anonymous_1)
FN:47,(anonymous_2)
FN:48,(anonymous_3)
FNF:4
FNH:4
FNDA:2,(anonymous_0)
FNDA:9,(anonymous_1)
FNDA:4,(anonymous_2)
FNDA:5,(anonymous_3)
DA:6,2
DA:11,2
DA:24,9
DA:34,9
DA:48,5
LF:5
LH:5
BRDA:24,0,0,5
BRDA:24,0,1,4
BRDA:42,1,0,6
BRDA:42,1,1,3
BRF:4
BRH:4
end_of_record
TN:
SF:mappers/AgentMapper.js
FN:4,(anonymous_0)
FN:12,(anonymous_1)
FNF:2
FNH:2
FNDA:3,(anonymous_0)
FNDA:3,(anonymous_1)
DA:5,3
DA:13,3
LF:2
LH:2
BRF:0
BRH:0
end_of_record
TN:
SF:mappers/EstateMapper.js
FN:4,(anonymous_0)
FN:21,(anonymous_1)
FNF:2
FNH:2
FNDA:2,(anonymous_0)
FNDA:9,(anonymous_1)
DA:5,2
DA:22,9
LF:2
LH:2
BRDA:25,0,0,9
BRDA:25,0,1,3
BRDA:25,0,2,2
BRDA:38,1,0,4
BRDA:38,1,1,5
BRDA:41,2,0,2
BRDA:41,2,1,2
BRF:7
BRH:7
end_of_record
TN:
SF:mappers/SearchFiltersMapper.js
FN:4,(anonymous_0)
FN:23,(anonymous_1)
FN:37,(anonymous_2)
FN:45,(anonymous_3)
FNF:4
FNH:4
FNDA:11,(anonymous_0)
FNDA:16,(anonymous_1)
FNDA:160,(anonymous_2)
FNDA:48,(anonymous_3)
DA:5,11
DA:24,16
DA:37,16
DA:38,160
DA:39,134
DA:41,160
DA:45,16
DA:46,48
DA:47,13
DA:51,16
LF:10
LH:10
BRDA:17,0,0,3
BRDA:17,0,1,8
BRDA:18,1,0,3
BRDA:18,1,1,8
BRDA:19,2,0,2
BRDA:19,2,1,9
BRDA:38,3,0,134
BRDA:38,3,1,26
BRDA:46,4,0,13
BRDA:46,4,1,35
BRDA:46,5,0,48
BRDA:46,5,1,41
BRF:12
BRH:12
end_of_record
TN:
SF:mappers/UserMapper.js
FN:4,(anonymous_0)
FN:16,(anonymous_1)
FN:17,(anonymous_2)
FNF:3
FNH:0
FNDA:0,(anonymous_0)
FNDA:0,(anonymous_1)
FNDA:0,(anonymous_2)
DA:5,0
DA:17,0
LF:2
LH:0
BRDA:4,0,0,0
BRF:1
BRH:0
end_of_record
TN:
SF:models/Admin.js
FN:3,createModel
FNF:1
FNH:1
FNDA:2,createModel
DA:4,2
LF:1
LH:1
BRF:0
BRH:0
end_of_record
TN:
SF:models/Agency.js
FN:3,createModel
FNF:1
FNH:1
FNDA:2,createModel
DA:4,2
LF:1
LH:1
BRF:0
BRH:0
end_of_record
TN:
SF:models/Agent.js
FN:3,createModel
FNF:1
FNH:1
FNDA:2,createModel
DA:4,2
LF:1
LH:1
BRF:0
BRH:0
end_of_record
TN:
SF:models/DietiRealEstatesDB.js
FN:142,(anonymous_0)
FN:149,(anonymous_1)
FNF:2
FNH:0
FNDA:0,(anonymous_0)
FNDA:0,(anonymous_1)
DA:12,2
DA:14,2
DA:25,2
DA:26,2
DA:27,2
DA:28,2
DA:29,2
DA:30,2
DA:31,2
DA:32,2
DA:35,2
DA:40,2
DA:44,2
DA:49,2
DA:52,2
DA:57,2
DA:60,2
DA:65,2
DA:68,2
DA:73,2
DA:74,2
DA:77,2
DA:80,2
DA:85,2
DA:88,2
DA:93,2
DA:96,2
DA:101,2
DA:104,2
DA:109,2
DA:112,2
DA:117,2
DA:120,2
DA:125,2
DA:128,2
DA:133,2
DA:136,2
DA:140,2
DA:143,0
DA:150,0
LF:40
LH:38
BRF:0
BRH:0
end_of_record
TN:
SF:models/Manager.js
FN:3,createModel
FNF:1
FNH:1
FNDA:2,createModel
DA:4,2
LF:1
LH:1
BRF:0
BRH:0
end_of_record
TN:
SF:models/Offer.js
FN:3,createModel
FNF:1
FNH:1
FNDA:2,createModel
DA:4,2
LF:1
LH:1
BRF:0
BRH:0
end_of_record
TN:
SF:models/Place.js
FN:3,createModel
FNF:1
FNH:1
FNDA:2,createModel
DA:4,2
LF:1
LH:1
BRF:0
BRH:0
end_of_record
TN:
SF:models/RealEstate.js
FN:3,createModel
FN:74,(anonymous_1)
FNF:2
FNH:1
FNDA:2,createModel
FNDA:0,(anonymous_1)
DA:4,2
DA:75,0
DA:76,0
DA:78,0
DA:79,0
DA:83,0
DA:84,0
DA:88,0
DA:89,0
LF:9
LH:1
BRDA:75,0,0,0
BRDA:75,0,1,0
BRDA:75,1,0,0
BRDA:75,1,1,0
BRDA:78,2,0,0
BRDA:78,2,1,0
BRDA:78,3,0,0
BRDA:78,3,1,0
BRDA:83,4,0,0
BRDA:83,4,1,0
BRDA:83,5,0,0
BRDA:83,5,1,0
BRDA:88,6,0,0
BRDA:88,6,1,0
BRDA:88,7,0,0
BRDA:88,7,1,0
BRF:16
BRH:0
end_of_record
TN:
SF:models/User.js
FN:4,createModel
FN:27,(anonymous_1)
FNF:2
FNH:1
FNDA:2,createModel
FNDA:0,(anonymous_1)
DA:5,2
DA:28,0
DA:29,0
LF:3
LH:1
BRF:0
BRH:0
end_of_record
TN:
SF:services/AgencyService.js
FN:6,(anonymous_0)
FN:82,(anonymous_1)
FN:109,(anonymous_2)
FN:118,(anonymous_3)
FNF:4
FNH:3
FNDA:0,(anonymous_0)
FNDA:7,(anonymous_1)
FNDA:7,(anonymous_2)
FNDA:14,(anonymous_3)
DA:7,0
DA:8,0
DA:11,0
DA:12,0
DA:13,0
DA:15,0
DA:17,0
DA:18,0
DA:21,0
DA:22,0
DA:26,0
DA:38,0
DA:51,0
DA:59,0
DA:66,0
DA:68,0
DA:76,0
DA:78,0
DA:79,0
DA:83,7
DA:109,7
DA:110,7
DA:111,7
DA:119,14
DA:131,14
DA:132,5
DA:134,9
LF:27
LH:8
BRDA:12,0,0,0
BRDA:12,0,1,0
BRDA:21,1,0,0
BRDA:21,1,1,0
BRDA:113,2,0,7
BRDA:113,2,1,4
BRDA:131,3,0,5
BRDA:131,3,1,9
BRDA:131,4,0,14
BRDA:131,4,1,11
BRF:10
BRH:6
end_of_record
TN:
SF:services/AgentService.js
FN:5,(anonymous_0)
FNF:1
FNH:1
FNDA:18,(anonymous_0)
DA:6,18
DA:7,2
DA:10,16
DA:11,2
DA:14,14
DA:15,2
DA:18,12
DA:19,2
DA:22,10
DA:23,2
DA:26,8
DA:27,2
DA:30,6
DA:33,6
DA:34,1
DA:37,5
DA:39,5
DA:46,5
DA:47,1
DA:50,4
DA:51,4
DA:52,2
DA:54,2
DA:55,2
DA:60,2
DA:61,1
DA:65,1
DA:66,1
DA:74,0
DA:77,1
LF:30
LH:29
BRDA:6,0,0,2
BRDA:6,0,1,16
BRDA:6,1,0,18
BRDA:6,1,1,16
BRDA:10,2,0,2
BRDA:10,2,1,14
BRDA:14,3,0,2
BRDA:14,3,1,12
BRDA:18,4,0,2
BRDA:18,4,1,10
BRDA:22,5,0,2
BRDA:22,5,1,8
BRDA:26,6,0,2
BRDA:26,6,1,6
BRDA:33,7,0,1
BRDA:33,7,1,5
BRDA:46,8,0,1
BRDA:46,8,1,4
BRDA:46,9,0,5
BRDA:46,9,1,5
BRDA:51,10,0,2
BRDA:51,10,1,2
BRDA:51,11,0,4
BRDA:51,11,1,3
BRDA:60,12,0,1
BRDA:60,12,1,1
BRDA:60,13,0,2
BRDA:60,13,1,2
BRF:28
BRH:28
end_of_record
TN:
SF:services/EstateService.js
FN:6,(anonymous_0)
FN:48,(anonymous_1)
FN:57,(anonymous_2)
FN:66,(anonymous_3)
FN:74,(anonymous_4)
FN:76,(anonymous_5)
FN:86,(anonymous_6)
FN:93,(anonymous_7)
FN:99,(anonymous_8)
FN:123,(anonymous_9)
FN:145,(anonymous_10)
FN:149,(anonymous_11)
FN:162,(anonymous_12)
FN:201,(anonymous_13)
FN:211,(anonymous_14)
FN:225,(anonymous_15)
FN:250,(anonymous_16)
FN:261,(anonymous_17)
FN:272,(anonymous_18)
FN:302,(anonymous_19)
FNF:20
FNH:7
FNDA:13,(anonymous_0)
FNDA:13,(anonymous_1)
FNDA:9,(anonymous_2)
FNDA:5,(anonymous_3)
FNDA:3,(anonymous_4)
FNDA:0,(anonymous_5)
FNDA:3,(anonymous_6)
FNDA:0,(anonymous_7)
FNDA:3,(anonymous_8)
FNDA:0,(anonymous_9)
FNDA:0,(anonymous_10)
FNDA:0,(anonymous_11)
FNDA:0,(anonymous_12)
FNDA:0,(anonymous_13)
FNDA:0,(anonymous_14)
FNDA:0,(anonymous_15)
FNDA:0,(anonymous_16)
FNDA:0,(anonymous_17)
FNDA:0,(anonymous_18)
FNDA:0,(anonymous_19)
DA:16,13
DA:17,9
DA:18,5
DA:20,3
DA:23,3
DA:25,0
DA:27,0
DA:45,0
DA:49,13
DA:50,3
DA:52,10
DA:53,1
DA:58,9
DA:59,3
DA:61,6
DA:62,1
DA:67,5
DA:68,2
DA:75,3
DA:76,0
DA:79,3
DA:80,0
DA:83,3
DA:87,3
DA:88,3
DA:90,0
DA:91,0
DA:93,0
DA:96,0
DA:100,3
DA:101,3
DA:102,0
DA:110,3
DA:111,3
DA:112,0
DA:120,3
DA:124,0
DA:127,0
DA:129,0
DA:133,0
DA:134,0
DA:135,0
DA:142,0
DA:146,0
DA:150,0
DA:152,0
DA:153,0
DA:154,0
DA:156,0
DA:157,0
DA:163,0
DA:166,0
DA:172,0
DA:180,0
DA:181,0
DA:183,0
DA:184,0
DA:188,0
DA:189,0
DA:192,0
DA:201,0
DA:202,0
DA:203,0
DA:207,0
DA:212,0
DA:213,0
DA:214,0
DA:216,0
DA:221,0
DA:222,0
DA:232,0
DA:234,0
DA:235,0
DA:237,0
DA:239,0
DA:250,0
DA:251,0
DA:257,0
DA:261,0
DA:262,0
DA:263,0
DA:265,0
DA:269,0
DA:271,0
DA:273,0
DA:280,0
DA:283,0
DA:301,0
DA:302,0
LF:89
LH:25
BRDA:49,0,0,3
BRDA:49,0,1,10
BRDA:49,1,0,13
BRDA:49,1,1,11
BRDA:52,2,0,1
BRDA:52,2,1,9
BRDA:58,3,0,3
BRDA:58,3,1,6
BRDA:58,4,0,9
BRDA:58,4,1,7
BRDA:61,5,0,1
BRDA:61,5,1,5
BRDA:67,6,0,2
BRDA:67,6,1,3
BRDA:75,7,0,0
BRDA:75,7,1,3
BRDA:79,8,0,0
BRDA:79,8,1,3
BRDA:87,9,0,3
BRDA:87,9,1,0
BRDA:90,10,0,0
BRDA:90,10,1,0
BRDA:101,11,0,0
BRDA:101,11,1,3
BRDA:111,12,0,0
BRDA:111,12,1,3
BRDA:124,13,0,0
BRDA:124,13,1,0
BRDA:133,14,0,0
BRDA:133,14,1,0
BRDA:137,15,0,0
BRDA:137,15,1,0
BRDA:150,16,0,0
BRDA:150,16,1,0
BRDA:150,17,0,0
BRDA:150,17,1,0
BRDA:153,18,0,0
BRDA:153,18,1,0
BRDA:156,19,0,0
BRDA:156,19,1,0
BRDA:180,20,0,0
BRDA:180,20,1,0
BRDA:180,21,0,0
BRDA:180,21,1,0
BRDA:183,22,0,0
BRDA:183,22,1,0
BRDA:183,23,0,0
BRDA:183,23,1,0
BRDA:188,24,0,0
BRDA:188,24,1,0
BRDA:202,25,0,0
BRDA:202,25,1,0
BRDA:234,26,0,0
BRDA:234,27,0,0
BRDA:234,28,0,0
BRDA:237,29,0,0
BRDA:237,29,1,0
BRDA:237,30,0,0
BRDA:237,30,1,0
BRDA:237,30,2,0
BRDA:262,31,0,0
BRDA:262,31,1,0
BRDA:293,32,0,0
BRDA:293,32,1,0
BRDA:294,33,0,0
BRDA:294,33,1,0
BRF:66
BRH:19
end_of_record
TN:
SF:services/ImageService.js
FN:4,(anonymous_0)
FN:9,(anonymous_1)
FN:16,(anonymous_2)
FNF:3
FNH:0
FNDA:0,(anonymous_0)
FNDA:0,(anonymous_1)
FNDA:0,(anonymous_2)
DA:5,0
DA:6,0
DA:9,0
DA:10,0
DA:17,0
DA:18,0
DA:20,0
LF:7
LH:0
BRDA:5,0,0,0
BRDA:5,0,1,0
BRDA:17,1,0,0
BRDA:17,1,1,0
BRF:4
BRH:0
end_of_record
TN:
SF:services/OfferService.js
FN:2,(anonymous_0)
FN:28,(anonymous_1)
FN:63,(anonymous_2)
FN:92,(anonymous_3)
FN:126,(anonymous_4)
FN:152,(anonymous_5)
FN:160,(anonymous_6)
FN:175,(anonymous_7)
FNF:8
FNH:7
FNDA:24,(anonymous_0)
FNDA:22,(anonymous_1)
FNDA:12,(anonymous_2)
FNDA:0,(anonymous_3)
FNDA:12,(anonymous_4)
FNDA:2,(anonymous_5)
FNDA:9,(anonymous_6)
FNDA:2,(anonymous_7)
DA:3,24
DA:4,6
DA:6,18
DA:7,18
DA:8,2
DA:10,16
DA:11,4
DA:13,12
DA:14,6
DA:17,6
DA:25,6
DA:35,22
DA:36,22
DA:37,2
DA:39,20
DA:40,20
DA:41,2
DA:43,18
DA:44,2
DA:46,16
DA:47,2
DA:49,14
DA:50,6
DA:52,8
DA:53,4
DA:55,4
DA:60,4
DA:70,12
DA:71,12
DA:72,2
DA:74,10
DA:75,2
DA:77,8
DA:78,2
DA:80,6
DA:81,2
DA:85,4
DA:86,4
DA:99,0
DA:100,0
DA:101,0
DA:105,0
DA:106,0
DA:109,0
DA:110,0
DA:111,0
DA:114,0
DA:115,0
DA:118,0
DA:119,0
DA:122,0
DA:123,0
DA:127,12
DA:128,12
DA:129,2
DA:132,10
DA:133,2
DA:136,8
DA:137,4
DA:141,4
DA:149,4
DA:153,2
DA:157,2
DA:161,9
DA:162,2
DA:164,7
DA:169,7
DA:170,4
DA:172,3
DA:176,2
DA:192,2
LF:71
LH:57
BRDA:3,0,0,6
BRDA:3,0,1,18
BRDA:3,1,0,24
BRDA:3,1,1,22
BRDA:7,2,0,2
BRDA:7,2,1,16
BRDA:10,3,0,4
BRDA:10,3,1,12
BRDA:10,4,0,16
BRDA:10,4,1,14
BRDA:13,5,0,6
BRDA:13,5,1,6
BRDA:13,6,0,12
BRDA:13,6,1,8
BRDA:36,7,0,2
BRDA:36,7,1,20
BRDA:40,8,0,2
BRDA:40,8,1,18
BRDA:43,9,0,2
BRDA:43,9,1,16
BRDA:43,10,0,18
BRDA:43,10,1,4
BRDA:46,11,0,2
BRDA:46,11,1,14
BRDA:49,12,0,6
BRDA:49,12,1,8
BRDA:49,13,0,14
BRDA:49,13,1,10
BRDA:52,14,0,4
BRDA:52,14,1,4
BRDA:71,15,0,2
BRDA:71,15,1,10
BRDA:74,16,0,2
BRDA:74,16,1,8
BRDA:77,17,0,2
BRDA:77,17,1,6
BRDA:80,18,0,2
BRDA:80,18,1,4
BRDA:100,19,0,0
BRDA:100,19,1,0
BRDA:105,20,0,0
BRDA:105,20,1,0
BRDA:110,21,0,0
BRDA:110,21,1,0
BRDA:114,22,0,0
BRDA:114,22,1,0
BRDA:114,23,0,0
BRDA:114,23,1,0
BRDA:118,24,0,0
BRDA:118,24,1,0
BRDA:128,25,0,2
BRDA:128,25,1,10
BRDA:132,26,0,2
BRDA:132,26,1,8
BRDA:132,27,0,10
BRDA:132,27,1,4
BRDA:136,28,0,4
BRDA:136,28,1,4
BRDA:136,29,0,8
BRDA:136,29,1,6
BRDA:161,30,0,2
BRDA:161,30,1,7
BRDA:161,31,0,9
BRDA:161,31,1,7
BRDA:161,31,2,7
BRDA:169,32,0,4
BRDA:169,32,1,3
BRDA:169,33,0,7
BRDA:169,33,1,6
BRDA:169,33,2,4
BRF:70
BRH:58
end_of_record
TN:
SF:services/UserService.js
FN:6,(anonymous_0)
FN:14,(anonymous_1)
FN:52,(anonymous_2)
FN:58,(anonymous_3)
FN:65,(anonymous_4)
FN:71,(anonymous_5)
FN:113,(anonymous_6)
FNF:7
FNH:2
FNDA:0,(anonymous_0)
FNDA:14,(anonymous_1)
FNDA:0,(anonymous_2)
FNDA:0,(anonymous_3)
FNDA:3,(anonymous_4)
FNDA:0,(anonymous_5)
FNDA:0,(anonymous_6)
DA:7,0
DA:8,0
DA:11,0
DA:15,14
DA:17,14
DA:18,3
DA:22,11
DA:23,11
DA:25,11
DA:26,4
DA:29,7
DA:38,6
DA:41,1
DA:42,0
DA:46,1
DA:47,1
DA:49,1
DA:53,0
DA:59,0
DA:66,3
DA:72,0
DA:76,0
DA:77,0
DA:82,0
DA:84,0
DA:92,0
DA:96,0
DA:104,0
DA:114,0
DA:116,0
DA:117,0
DA:120,0
DA:122,0
DA:124,0
DA:126,0
DA:127,0
DA:128,0
DA:131,0
DA:132,0
DA:134,0
DA:136,0
DA:137,0
DA:138,0
DA:141,0
DA:143,0
DA:146,0
DA:147,0
DA:150,0
LF:48
LH:14
BRDA:7,0,0,0
BRDA:7,0,1,0
BRDA:17,1,0,3
BRDA:17,1,1,11
BRDA:25,2,0,4
BRDA:25,2,1,7
BRDA:29,3,0,6
BRDA:29,3,1,1
BRDA:30,4,0,7
BRDA:30,4,1,6
BRDA:30,4,2,6
BRDA:30,4,3,5
BRDA:30,4,4,4
BRDA:30,4,5,3
BRDA:30,4,6,2
BRDA:41,5,0,0
BRDA:41,5,1,1
BRDA:41,6,0,1
BRDA:41,6,1,1
BRDA:76,7,0,0
BRDA:76,7,1,0
BRDA:116,8,0,0
BRDA:116,8,1,0
BRDA:122,9,0,0
BRDA:122,9,1,0
BRDA:126,10,0,0
BRDA:126,10,1,0
BRDA:132,11,0,0
BRDA:132,11,1,0
BRDA:136,12,0,0
BRDA:136,12,1,0
BRDA:146,13,0,0
BRDA:146,13,1,0
BRF:33
BRH:16
end_of_record
